The system is: Linux - 5.15.0-56-generic - x86_64
Compiling the C compiler identification source file "CMakeCCompilerId.c" succeeded.
Compiler: /usr/bin/cc 
Build flags: 
Id flags:  

The output was:
0


Compilation of the C compiler identification source "CMakeCCompilerId.c" produced "a.out"

The C compiler identification is GNU, found in "/home/letizia/llvm-project/CMakeFiles/3.16.3/CompilerIdC/a.out"

Compiling the CXX compiler identification source file "CMakeCXXCompilerId.cpp" succeeded.
Compiler: /usr/bin/c++ 
Build flags: 
Id flags:  

The output was:
0


Compilation of the CXX compiler identification source "CMakeCXXCompilerId.cpp" produced "a.out"

The CXX compiler identification is GNU, found in "/home/letizia/llvm-project/CMakeFiles/3.16.3/CompilerIdCXX/a.out"

Checking whether the ASM compiler is GNU using "--version" matched "(GNU assembler)|(GCC)|(Free Software Foundation)":
cc (Ubuntu 9.4.0-1ubuntu1~20.04.1) 9.4.0
Copyright (C) 2019 Free Software Foundation, Inc.
This is free software; see the source for copying conditions.  There is NO
warranty; not even for MERCHANTABILITY or FITNESS FOR A PARTICULAR PURPOSE.

Determining if the C compiler works passed with the following output:
Change Dir: /home/letizia/llvm-project/CMakeFiles/CMakeTmp

Run Build Command(s):/usr/local/bin/ninja cmTC_6555b && [1/2] Building C object CMakeFiles/cmTC_6555b.dir/testCCompiler.c.o
[2/2] Linking C executable cmTC_6555b



Detecting C compiler ABI info compiled with the following output:
Change Dir: /home/letizia/llvm-project/CMakeFiles/CMakeTmp

Run Build Command(s):/usr/local/bin/ninja cmTC_8eb37 && [1/2] Building C object CMakeFiles/cmTC_8eb37.dir/CMakeCCompilerABI.c.o
Using built-in specs.
COLLECT_GCC=/usr/bin/cc
OFFLOAD_TARGET_NAMES=nvptx-none:hsa
OFFLOAD_TARGET_DEFAULT=1
Target: x86_64-linux-gnu
Configured with: ../src/configure -v --with-pkgversion='Ubuntu 9.4.0-1ubuntu1~20.04.1' --with-bugurl=file:///usr/share/doc/gcc-9/README.Bugs --enable-languages=c,ada,c++,go,brig,d,fortran,objc,obj-c++,gm2 --prefix=/usr --with-gcc-major-version-only --program-suffix=-9 --program-prefix=x86_64-linux-gnu- --enable-shared --enable-linker-build-id --libexecdir=/usr/lib --without-included-gettext --enable-threads=posix --libdir=/usr/lib --enable-nls --enable-clocale=gnu --enable-libstdcxx-debug --enable-libstdcxx-time=yes --with-default-libstdcxx-abi=new --enable-gnu-unique-object --disable-vtable-verify --enable-plugin --enable-default-pie --with-system-zlib --with-target-system-zlib=auto --enable-objc-gc=auto --enable-multiarch --disable-werror --with-arch-32=i686 --with-abi=m64 --with-multilib-list=m32,m64,mx32 --enable-multilib --with-tune=generic --enable-offload-targets=nvptx-none=/build/gcc-9-Av3uEd/gcc-9-9.4.0/debian/tmp-nvptx/usr,hsa --without-cuda-driver --enable-checking=release --build=x86_64-linux-gnu --host=x86_64-linux-gnu --target=x86_64-linux-gnu
Thread model: posix
gcc version 9.4.0 (Ubuntu 9.4.0-1ubuntu1~20.04.1) 
COLLECT_GCC_OPTIONS='-v' '-o' 'CMakeFiles/cmTC_8eb37.dir/CMakeCCompilerABI.c.o' '-c' '-mtune=generic' '-march=x86-64'
 /usr/lib/gcc/x86_64-linux-gnu/9/cc1 -quiet -v -imultiarch x86_64-linux-gnu /usr/share/cmake-3.16/Modules/CMakeCCompilerABI.c -quiet -dumpbase CMakeCCompilerABI.c -mtune=generic -march=x86-64 -auxbase-strip CMakeFiles/cmTC_8eb37.dir/CMakeCCompilerABI.c.o -version -fasynchronous-unwind-tables -fstack-protector-strong -Wformat -Wformat-security -fstack-clash-protection -fcf-protection -o /tmp/ccyE6peM.s
GNU C17 (Ubuntu 9.4.0-1ubuntu1~20.04.1) version 9.4.0 (x86_64-linux-gnu)
	compiled by GNU C version 9.4.0, GMP version 6.2.0, MPFR version 4.0.2, MPC version 1.1.0, isl version isl-0.22.1-GMP

GGC heuristics: --param ggc-min-expand=100 --param ggc-min-heapsize=131072
ignoring nonexistent directory "/usr/local/include/x86_64-linux-gnu"
ignoring nonexistent directory "/usr/lib/gcc/x86_64-linux-gnu/9/include-fixed"
ignoring nonexistent directory "/usr/lib/gcc/x86_64-linux-gnu/9/../../../../x86_64-linux-gnu/include"
#include "..." search starts here:
#include <...> search starts here:
 /usr/lib/gcc/x86_64-linux-gnu/9/include
 /usr/local/include
 /usr/include/x86_64-linux-gnu
 /usr/include
End of search list.
GNU C17 (Ubuntu 9.4.0-1ubuntu1~20.04.1) version 9.4.0 (x86_64-linux-gnu)
	compiled by GNU C version 9.4.0, GMP version 6.2.0, MPFR version 4.0.2, MPC version 1.1.0, isl version isl-0.22.1-GMP

GGC heuristics: --param ggc-min-expand=100 --param ggc-min-heapsize=131072
Compiler executable checksum: c0c95c0b4209efec1c1892d5ff24030b
COLLECT_GCC_OPTIONS='-v' '-o' 'CMakeFiles/cmTC_8eb37.dir/CMakeCCompilerABI.c.o' '-c' '-mtune=generic' '-march=x86-64'
 as -v --64 -o CMakeFiles/cmTC_8eb37.dir/CMakeCCompilerABI.c.o /tmp/ccyE6peM.s
GNU assembler version 2.34 (x86_64-linux-gnu) using BFD version (GNU Binutils for Ubuntu) 2.34
COMPILER_PATH=/usr/lib/gcc/x86_64-linux-gnu/9/:/usr/lib/gcc/x86_64-linux-gnu/9/:/usr/lib/gcc/x86_64-linux-gnu/:/usr/lib/gcc/x86_64-linux-gnu/9/:/usr/lib/gcc/x86_64-linux-gnu/
LIBRARY_PATH=/usr/lib/gcc/x86_64-linux-gnu/9/:/usr/lib/gcc/x86_64-linux-gnu/9/../../../x86_64-linux-gnu/:/usr/lib/gcc/x86_64-linux-gnu/9/../../../../lib/:/lib/x86_64-linux-gnu/:/lib/../lib/:/usr/lib/x86_64-linux-gnu/:/usr/lib/../lib/:/usr/lib/gcc/x86_64-linux-gnu/9/../../../:/lib/:/usr/lib/
COLLECT_GCC_OPTIONS='-v' '-o' 'CMakeFiles/cmTC_8eb37.dir/CMakeCCompilerABI.c.o' '-c' '-mtune=generic' '-march=x86-64'
[2/2] Linking C executable cmTC_8eb37
Using built-in specs.
COLLECT_GCC=/usr/bin/cc
COLLECT_LTO_WRAPPER=/usr/lib/gcc/x86_64-linux-gnu/9/lto-wrapper
OFFLOAD_TARGET_NAMES=nvptx-none:hsa
OFFLOAD_TARGET_DEFAULT=1
Target: x86_64-linux-gnu
Configured with: ../src/configure -v --with-pkgversion='Ubuntu 9.4.0-1ubuntu1~20.04.1' --with-bugurl=file:///usr/share/doc/gcc-9/README.Bugs --enable-languages=c,ada,c++,go,brig,d,fortran,objc,obj-c++,gm2 --prefix=/usr --with-gcc-major-version-only --program-suffix=-9 --program-prefix=x86_64-linux-gnu- --enable-shared --enable-linker-build-id --libexecdir=/usr/lib --without-included-gettext --enable-threads=posix --libdir=/usr/lib --enable-nls --enable-clocale=gnu --enable-libstdcxx-debug --enable-libstdcxx-time=yes --with-default-libstdcxx-abi=new --enable-gnu-unique-object --disable-vtable-verify --enable-plugin --enable-default-pie --with-system-zlib --with-target-system-zlib=auto --enable-objc-gc=auto --enable-multiarch --disable-werror --with-arch-32=i686 --with-abi=m64 --with-multilib-list=m32,m64,mx32 --enable-multilib --with-tune=generic --enable-offload-targets=nvptx-none=/build/gcc-9-Av3uEd/gcc-9-9.4.0/debian/tmp-nvptx/usr,hsa --without-cuda-driver --enable-checking=release --build=x86_64-linux-gnu --host=x86_64-linux-gnu --target=x86_64-linux-gnu
Thread model: posix
gcc version 9.4.0 (Ubuntu 9.4.0-1ubuntu1~20.04.1) 
COMPILER_PATH=/usr/lib/gcc/x86_64-linux-gnu/9/:/usr/lib/gcc/x86_64-linux-gnu/9/:/usr/lib/gcc/x86_64-linux-gnu/:/usr/lib/gcc/x86_64-linux-gnu/9/:/usr/lib/gcc/x86_64-linux-gnu/
LIBRARY_PATH=/usr/lib/gcc/x86_64-linux-gnu/9/:/usr/lib/gcc/x86_64-linux-gnu/9/../../../x86_64-linux-gnu/:/usr/lib/gcc/x86_64-linux-gnu/9/../../../../lib/:/lib/x86_64-linux-gnu/:/lib/../lib/:/usr/lib/x86_64-linux-gnu/:/usr/lib/../lib/:/usr/lib/gcc/x86_64-linux-gnu/9/../../../:/lib/:/usr/lib/
COLLECT_GCC_OPTIONS='-v' '-o' 'cmTC_8eb37' '-mtune=generic' '-march=x86-64'
 /usr/lib/gcc/x86_64-linux-gnu/9/collect2 -plugin /usr/lib/gcc/x86_64-linux-gnu/9/liblto_plugin.so -plugin-opt=/usr/lib/gcc/x86_64-linux-gnu/9/lto-wrapper -plugin-opt=-fresolution=/tmp/ccb2HEK7.res -plugin-opt=-pass-through=-lgcc -plugin-opt=-pass-through=-lgcc_s -plugin-opt=-pass-through=-lc -plugin-opt=-pass-through=-lgcc -plugin-opt=-pass-through=-lgcc_s --build-id --eh-frame-hdr -m elf_x86_64 --hash-style=gnu --as-needed -dynamic-linker /lib64/ld-linux-x86-64.so.2 -pie -z now -z relro -o cmTC_8eb37 /usr/lib/gcc/x86_64-linux-gnu/9/../../../x86_64-linux-gnu/Scrt1.o /usr/lib/gcc/x86_64-linux-gnu/9/../../../x86_64-linux-gnu/crti.o /usr/lib/gcc/x86_64-linux-gnu/9/crtbeginS.o -L/usr/lib/gcc/x86_64-linux-gnu/9 -L/usr/lib/gcc/x86_64-linux-gnu/9/../../../x86_64-linux-gnu -L/usr/lib/gcc/x86_64-linux-gnu/9/../../../../lib -L/lib/x86_64-linux-gnu -L/lib/../lib -L/usr/lib/x86_64-linux-gnu -L/usr/lib/../lib -L/usr/lib/gcc/x86_64-linux-gnu/9/../../.. CMakeFiles/cmTC_8eb37.dir/CMakeCCompilerABI.c.o -lgcc --push-state --as-needed -lgcc_s --pop-state -lc -lgcc --push-state --as-needed -lgcc_s --pop-state /usr/lib/gcc/x86_64-linux-gnu/9/crtendS.o /usr/lib/gcc/x86_64-linux-gnu/9/../../../x86_64-linux-gnu/crtn.o
COLLECT_GCC_OPTIONS='-v' '-o' 'cmTC_8eb37' '-mtune=generic' '-march=x86-64'



Parsed C implicit include dir info from above output: rv=done
  found start of include info
  found start of implicit include info
    add: [/usr/lib/gcc/x86_64-linux-gnu/9/include]
    add: [/usr/local/include]
    add: [/usr/include/x86_64-linux-gnu]
    add: [/usr/include]
  end of search list found
  collapse include dir [/usr/lib/gcc/x86_64-linux-gnu/9/include] ==> [/usr/lib/gcc/x86_64-linux-gnu/9/include]
  collapse include dir [/usr/local/include] ==> [/usr/local/include]
  collapse include dir [/usr/include/x86_64-linux-gnu] ==> [/usr/include/x86_64-linux-gnu]
  collapse include dir [/usr/include] ==> [/usr/include]
  implicit include dirs: [/usr/lib/gcc/x86_64-linux-gnu/9/include;/usr/local/include;/usr/include/x86_64-linux-gnu;/usr/include]


Parsed C implicit link information from above output:
  link line regex: [^( *|.*[/\])(ld|CMAKE_LINK_STARTFILE-NOTFOUND|([^/\]+-)?ld|collect2)[^/\]*( |$)]
  ignore line: [Change Dir: /home/letizia/llvm-project/CMakeFiles/CMakeTmp]
  ignore line: []
  ignore line: [Run Build Command(s):/usr/local/bin/ninja cmTC_8eb37 && [1/2] Building C object CMakeFiles/cmTC_8eb37.dir/CMakeCCompilerABI.c.o]
  ignore line: [Using built-in specs.]
  ignore line: [COLLECT_GCC=/usr/bin/cc]
  ignore line: [OFFLOAD_TARGET_NAMES=nvptx-none:hsa]
  ignore line: [OFFLOAD_TARGET_DEFAULT=1]
  ignore line: [Target: x86_64-linux-gnu]
  ignore line: [Configured with: ../src/configure -v --with-pkgversion='Ubuntu 9.4.0-1ubuntu1~20.04.1' --with-bugurl=file:///usr/share/doc/gcc-9/README.Bugs --enable-languages=c ada c++ go brig d fortran objc obj-c++ gm2 --prefix=/usr --with-gcc-major-version-only --program-suffix=-9 --program-prefix=x86_64-linux-gnu- --enable-shared --enable-linker-build-id --libexecdir=/usr/lib --without-included-gettext --enable-threads=posix --libdir=/usr/lib --enable-nls --enable-clocale=gnu --enable-libstdcxx-debug --enable-libstdcxx-time=yes --with-default-libstdcxx-abi=new --enable-gnu-unique-object --disable-vtable-verify --enable-plugin --enable-default-pie --with-system-zlib --with-target-system-zlib=auto --enable-objc-gc=auto --enable-multiarch --disable-werror --with-arch-32=i686 --with-abi=m64 --with-multilib-list=m32 m64 mx32 --enable-multilib --with-tune=generic --enable-offload-targets=nvptx-none=/build/gcc-9-Av3uEd/gcc-9-9.4.0/debian/tmp-nvptx/usr hsa --without-cuda-driver --enable-checking=release --build=x86_64-linux-gnu --host=x86_64-linux-gnu --target=x86_64-linux-gnu]
  ignore line: [Thread model: posix]
  ignore line: [gcc version 9.4.0 (Ubuntu 9.4.0-1ubuntu1~20.04.1) ]
  ignore line: [COLLECT_GCC_OPTIONS='-v' '-o' 'CMakeFiles/cmTC_8eb37.dir/CMakeCCompilerABI.c.o' '-c' '-mtune=generic' '-march=x86-64']
  ignore line: [ /usr/lib/gcc/x86_64-linux-gnu/9/cc1 -quiet -v -imultiarch x86_64-linux-gnu /usr/share/cmake-3.16/Modules/CMakeCCompilerABI.c -quiet -dumpbase CMakeCCompilerABI.c -mtune=generic -march=x86-64 -auxbase-strip CMakeFiles/cmTC_8eb37.dir/CMakeCCompilerABI.c.o -version -fasynchronous-unwind-tables -fstack-protector-strong -Wformat -Wformat-security -fstack-clash-protection -fcf-protection -o /tmp/ccyE6peM.s]
  ignore line: [GNU C17 (Ubuntu 9.4.0-1ubuntu1~20.04.1) version 9.4.0 (x86_64-linux-gnu)]
  ignore line: [	compiled by GNU C version 9.4.0  GMP version 6.2.0  MPFR version 4.0.2  MPC version 1.1.0  isl version isl-0.22.1-GMP]
  ignore line: []
  ignore line: [GGC heuristics: --param ggc-min-expand=100 --param ggc-min-heapsize=131072]
  ignore line: [ignoring nonexistent directory "/usr/local/include/x86_64-linux-gnu"]
  ignore line: [ignoring nonexistent directory "/usr/lib/gcc/x86_64-linux-gnu/9/include-fixed"]
  ignore line: [ignoring nonexistent directory "/usr/lib/gcc/x86_64-linux-gnu/9/../../../../x86_64-linux-gnu/include"]
  ignore line: [#include "..." search starts here:]
  ignore line: [#include <...> search starts here:]
  ignore line: [ /usr/lib/gcc/x86_64-linux-gnu/9/include]
  ignore line: [ /usr/local/include]
  ignore line: [ /usr/include/x86_64-linux-gnu]
  ignore line: [ /usr/include]
  ignore line: [End of search list.]
  ignore line: [GNU C17 (Ubuntu 9.4.0-1ubuntu1~20.04.1) version 9.4.0 (x86_64-linux-gnu)]
  ignore line: [	compiled by GNU C version 9.4.0  GMP version 6.2.0  MPFR version 4.0.2  MPC version 1.1.0  isl version isl-0.22.1-GMP]
  ignore line: []
  ignore line: [GGC heuristics: --param ggc-min-expand=100 --param ggc-min-heapsize=131072]
  ignore line: [Compiler executable checksum: c0c95c0b4209efec1c1892d5ff24030b]
  ignore line: [COLLECT_GCC_OPTIONS='-v' '-o' 'CMakeFiles/cmTC_8eb37.dir/CMakeCCompilerABI.c.o' '-c' '-mtune=generic' '-march=x86-64']
  ignore line: [ as -v --64 -o CMakeFiles/cmTC_8eb37.dir/CMakeCCompilerABI.c.o /tmp/ccyE6peM.s]
  ignore line: [GNU assembler version 2.34 (x86_64-linux-gnu) using BFD version (GNU Binutils for Ubuntu) 2.34]
  ignore line: [COMPILER_PATH=/usr/lib/gcc/x86_64-linux-gnu/9/:/usr/lib/gcc/x86_64-linux-gnu/9/:/usr/lib/gcc/x86_64-linux-gnu/:/usr/lib/gcc/x86_64-linux-gnu/9/:/usr/lib/gcc/x86_64-linux-gnu/]
  ignore line: [LIBRARY_PATH=/usr/lib/gcc/x86_64-linux-gnu/9/:/usr/lib/gcc/x86_64-linux-gnu/9/../../../x86_64-linux-gnu/:/usr/lib/gcc/x86_64-linux-gnu/9/../../../../lib/:/lib/x86_64-linux-gnu/:/lib/../lib/:/usr/lib/x86_64-linux-gnu/:/usr/lib/../lib/:/usr/lib/gcc/x86_64-linux-gnu/9/../../../:/lib/:/usr/lib/]
  ignore line: [COLLECT_GCC_OPTIONS='-v' '-o' 'CMakeFiles/cmTC_8eb37.dir/CMakeCCompilerABI.c.o' '-c' '-mtune=generic' '-march=x86-64']
  ignore line: [[2/2] Linking C executable cmTC_8eb37]
  ignore line: [Using built-in specs.]
  ignore line: [COLLECT_GCC=/usr/bin/cc]
  ignore line: [COLLECT_LTO_WRAPPER=/usr/lib/gcc/x86_64-linux-gnu/9/lto-wrapper]
  ignore line: [OFFLOAD_TARGET_NAMES=nvptx-none:hsa]
  ignore line: [OFFLOAD_TARGET_DEFAULT=1]
  ignore line: [Target: x86_64-linux-gnu]
  ignore line: [Configured with: ../src/configure -v --with-pkgversion='Ubuntu 9.4.0-1ubuntu1~20.04.1' --with-bugurl=file:///usr/share/doc/gcc-9/README.Bugs --enable-languages=c ada c++ go brig d fortran objc obj-c++ gm2 --prefix=/usr --with-gcc-major-version-only --program-suffix=-9 --program-prefix=x86_64-linux-gnu- --enable-shared --enable-linker-build-id --libexecdir=/usr/lib --without-included-gettext --enable-threads=posix --libdir=/usr/lib --enable-nls --enable-clocale=gnu --enable-libstdcxx-debug --enable-libstdcxx-time=yes --with-default-libstdcxx-abi=new --enable-gnu-unique-object --disable-vtable-verify --enable-plugin --enable-default-pie --with-system-zlib --with-target-system-zlib=auto --enable-objc-gc=auto --enable-multiarch --disable-werror --with-arch-32=i686 --with-abi=m64 --with-multilib-list=m32 m64 mx32 --enable-multilib --with-tune=generic --enable-offload-targets=nvptx-none=/build/gcc-9-Av3uEd/gcc-9-9.4.0/debian/tmp-nvptx/usr hsa --without-cuda-driver --enable-checking=release --build=x86_64-linux-gnu --host=x86_64-linux-gnu --target=x86_64-linux-gnu]
  ignore line: [Thread model: posix]
  ignore line: [gcc version 9.4.0 (Ubuntu 9.4.0-1ubuntu1~20.04.1) ]
  ignore line: [COMPILER_PATH=/usr/lib/gcc/x86_64-linux-gnu/9/:/usr/lib/gcc/x86_64-linux-gnu/9/:/usr/lib/gcc/x86_64-linux-gnu/:/usr/lib/gcc/x86_64-linux-gnu/9/:/usr/lib/gcc/x86_64-linux-gnu/]
  ignore line: [LIBRARY_PATH=/usr/lib/gcc/x86_64-linux-gnu/9/:/usr/lib/gcc/x86_64-linux-gnu/9/../../../x86_64-linux-gnu/:/usr/lib/gcc/x86_64-linux-gnu/9/../../../../lib/:/lib/x86_64-linux-gnu/:/lib/../lib/:/usr/lib/x86_64-linux-gnu/:/usr/lib/../lib/:/usr/lib/gcc/x86_64-linux-gnu/9/../../../:/lib/:/usr/lib/]
  ignore line: [COLLECT_GCC_OPTIONS='-v' '-o' 'cmTC_8eb37' '-mtune=generic' '-march=x86-64']
  link line: [ /usr/lib/gcc/x86_64-linux-gnu/9/collect2 -plugin /usr/lib/gcc/x86_64-linux-gnu/9/liblto_plugin.so -plugin-opt=/usr/lib/gcc/x86_64-linux-gnu/9/lto-wrapper -plugin-opt=-fresolution=/tmp/ccb2HEK7.res -plugin-opt=-pass-through=-lgcc -plugin-opt=-pass-through=-lgcc_s -plugin-opt=-pass-through=-lc -plugin-opt=-pass-through=-lgcc -plugin-opt=-pass-through=-lgcc_s --build-id --eh-frame-hdr -m elf_x86_64 --hash-style=gnu --as-needed -dynamic-linker /lib64/ld-linux-x86-64.so.2 -pie -z now -z relro -o cmTC_8eb37 /usr/lib/gcc/x86_64-linux-gnu/9/../../../x86_64-linux-gnu/Scrt1.o /usr/lib/gcc/x86_64-linux-gnu/9/../../../x86_64-linux-gnu/crti.o /usr/lib/gcc/x86_64-linux-gnu/9/crtbeginS.o -L/usr/lib/gcc/x86_64-linux-gnu/9 -L/usr/lib/gcc/x86_64-linux-gnu/9/../../../x86_64-linux-gnu -L/usr/lib/gcc/x86_64-linux-gnu/9/../../../../lib -L/lib/x86_64-linux-gnu -L/lib/../lib -L/usr/lib/x86_64-linux-gnu -L/usr/lib/../lib -L/usr/lib/gcc/x86_64-linux-gnu/9/../../.. CMakeFiles/cmTC_8eb37.dir/CMakeCCompilerABI.c.o -lgcc --push-state --as-needed -lgcc_s --pop-state -lc -lgcc --push-state --as-needed -lgcc_s --pop-state /usr/lib/gcc/x86_64-linux-gnu/9/crtendS.o /usr/lib/gcc/x86_64-linux-gnu/9/../../../x86_64-linux-gnu/crtn.o]
    arg [/usr/lib/gcc/x86_64-linux-gnu/9/collect2] ==> ignore
    arg [-plugin] ==> ignore
    arg [/usr/lib/gcc/x86_64-linux-gnu/9/liblto_plugin.so] ==> ignore
    arg [-plugin-opt=/usr/lib/gcc/x86_64-linux-gnu/9/lto-wrapper] ==> ignore
    arg [-plugin-opt=-fresolution=/tmp/ccb2HEK7.res] ==> ignore
    arg [-plugin-opt=-pass-through=-lgcc] ==> ignore
    arg [-plugin-opt=-pass-through=-lgcc_s] ==> ignore
    arg [-plugin-opt=-pass-through=-lc] ==> ignore
    arg [-plugin-opt=-pass-through=-lgcc] ==> ignore
    arg [-plugin-opt=-pass-through=-lgcc_s] ==> ignore
    arg [--build-id] ==> ignore
    arg [--eh-frame-hdr] ==> ignore
    arg [-m] ==> ignore
    arg [elf_x86_64] ==> ignore
    arg [--hash-style=gnu] ==> ignore
    arg [--as-needed] ==> ignore
    arg [-dynamic-linker] ==> ignore
    arg [/lib64/ld-linux-x86-64.so.2] ==> ignore
    arg [-pie] ==> ignore
    arg [-znow] ==> ignore
    arg [-zrelro] ==> ignore
    arg [-o] ==> ignore
    arg [cmTC_8eb37] ==> ignore
    arg [/usr/lib/gcc/x86_64-linux-gnu/9/../../../x86_64-linux-gnu/Scrt1.o] ==> ignore
    arg [/usr/lib/gcc/x86_64-linux-gnu/9/../../../x86_64-linux-gnu/crti.o] ==> ignore
    arg [/usr/lib/gcc/x86_64-linux-gnu/9/crtbeginS.o] ==> ignore
    arg [-L/usr/lib/gcc/x86_64-linux-gnu/9] ==> dir [/usr/lib/gcc/x86_64-linux-gnu/9]
    arg [-L/usr/lib/gcc/x86_64-linux-gnu/9/../../../x86_64-linux-gnu] ==> dir [/usr/lib/gcc/x86_64-linux-gnu/9/../../../x86_64-linux-gnu]
    arg [-L/usr/lib/gcc/x86_64-linux-gnu/9/../../../../lib] ==> dir [/usr/lib/gcc/x86_64-linux-gnu/9/../../../../lib]
    arg [-L/lib/x86_64-linux-gnu] ==> dir [/lib/x86_64-linux-gnu]
    arg [-L/lib/../lib] ==> dir [/lib/../lib]
    arg [-L/usr/lib/x86_64-linux-gnu] ==> dir [/usr/lib/x86_64-linux-gnu]
    arg [-L/usr/lib/../lib] ==> dir [/usr/lib/../lib]
    arg [-L/usr/lib/gcc/x86_64-linux-gnu/9/../../..] ==> dir [/usr/lib/gcc/x86_64-linux-gnu/9/../../..]
    arg [CMakeFiles/cmTC_8eb37.dir/CMakeCCompilerABI.c.o] ==> ignore
    arg [-lgcc] ==> lib [gcc]
    arg [--push-state] ==> ignore
    arg [--as-needed] ==> ignore
    arg [-lgcc_s] ==> lib [gcc_s]
    arg [--pop-state] ==> ignore
    arg [-lc] ==> lib [c]
    arg [-lgcc] ==> lib [gcc]
    arg [--push-state] ==> ignore
    arg [--as-needed] ==> ignore
    arg [-lgcc_s] ==> lib [gcc_s]
    arg [--pop-state] ==> ignore
    arg [/usr/lib/gcc/x86_64-linux-gnu/9/crtendS.o] ==> ignore
    arg [/usr/lib/gcc/x86_64-linux-gnu/9/../../../x86_64-linux-gnu/crtn.o] ==> ignore
  collapse library dir [/usr/lib/gcc/x86_64-linux-gnu/9] ==> [/usr/lib/gcc/x86_64-linux-gnu/9]
  collapse library dir [/usr/lib/gcc/x86_64-linux-gnu/9/../../../x86_64-linux-gnu] ==> [/usr/lib/x86_64-linux-gnu]
  collapse library dir [/usr/lib/gcc/x86_64-linux-gnu/9/../../../../lib] ==> [/usr/lib]
  collapse library dir [/lib/x86_64-linux-gnu] ==> [/lib/x86_64-linux-gnu]
  collapse library dir [/lib/../lib] ==> [/lib]
  collapse library dir [/usr/lib/x86_64-linux-gnu] ==> [/usr/lib/x86_64-linux-gnu]
  collapse library dir [/usr/lib/../lib] ==> [/usr/lib]
  collapse library dir [/usr/lib/gcc/x86_64-linux-gnu/9/../../..] ==> [/usr/lib]
  implicit libs: [gcc;gcc_s;c;gcc;gcc_s]
  implicit dirs: [/usr/lib/gcc/x86_64-linux-gnu/9;/usr/lib/x86_64-linux-gnu;/usr/lib;/lib/x86_64-linux-gnu;/lib]
  implicit fwks: []


Determining if the CXX compiler works passed with the following output:
Change Dir: /home/letizia/llvm-project/CMakeFiles/CMakeTmp

Run Build Command(s):/usr/local/bin/ninja cmTC_0db50 && [1/2] Building CXX object CMakeFiles/cmTC_0db50.dir/testCXXCompiler.cxx.o
[2/2] Linking CXX executable cmTC_0db50



Detecting CXX compiler ABI info compiled with the following output:
Change Dir: /home/letizia/llvm-project/CMakeFiles/CMakeTmp

Run Build Command(s):/usr/local/bin/ninja cmTC_584de && [1/2] Building CXX object CMakeFiles/cmTC_584de.dir/CMakeCXXCompilerABI.cpp.o
Using built-in specs.
COLLECT_GCC=/usr/bin/c++
OFFLOAD_TARGET_NAMES=nvptx-none:hsa
OFFLOAD_TARGET_DEFAULT=1
Target: x86_64-linux-gnu
Configured with: ../src/configure -v --with-pkgversion='Ubuntu 9.4.0-1ubuntu1~20.04.1' --with-bugurl=file:///usr/share/doc/gcc-9/README.Bugs --enable-languages=c,ada,c++,go,brig,d,fortran,objc,obj-c++,gm2 --prefix=/usr --with-gcc-major-version-only --program-suffix=-9 --program-prefix=x86_64-linux-gnu- --enable-shared --enable-linker-build-id --libexecdir=/usr/lib --without-included-gettext --enable-threads=posix --libdir=/usr/lib --enable-nls --enable-clocale=gnu --enable-libstdcxx-debug --enable-libstdcxx-time=yes --with-default-libstdcxx-abi=new --enable-gnu-unique-object --disable-vtable-verify --enable-plugin --enable-default-pie --with-system-zlib --with-target-system-zlib=auto --enable-objc-gc=auto --enable-multiarch --disable-werror --with-arch-32=i686 --with-abi=m64 --with-multilib-list=m32,m64,mx32 --enable-multilib --with-tune=generic --enable-offload-targets=nvptx-none=/build/gcc-9-Av3uEd/gcc-9-9.4.0/debian/tmp-nvptx/usr,hsa --without-cuda-driver --enable-checking=release --build=x86_64-linux-gnu --host=x86_64-linux-gnu --target=x86_64-linux-gnu
Thread model: posix
gcc version 9.4.0 (Ubuntu 9.4.0-1ubuntu1~20.04.1) 
COLLECT_GCC_OPTIONS='-v' '-o' 'CMakeFiles/cmTC_584de.dir/CMakeCXXCompilerABI.cpp.o' '-c' '-shared-libgcc' '-mtune=generic' '-march=x86-64'
 /usr/lib/gcc/x86_64-linux-gnu/9/cc1plus -quiet -v -imultiarch x86_64-linux-gnu -D_GNU_SOURCE /usr/share/cmake-3.16/Modules/CMakeCXXCompilerABI.cpp -quiet -dumpbase CMakeCXXCompilerABI.cpp -mtune=generic -march=x86-64 -auxbase-strip CMakeFiles/cmTC_584de.dir/CMakeCXXCompilerABI.cpp.o -version -fasynchronous-unwind-tables -fstack-protector-strong -Wformat -Wformat-security -fstack-clash-protection -fcf-protection -o /tmp/ccO1lvck.s
GNU C++14 (Ubuntu 9.4.0-1ubuntu1~20.04.1) version 9.4.0 (x86_64-linux-gnu)
	compiled by GNU C version 9.4.0, GMP version 6.2.0, MPFR version 4.0.2, MPC version 1.1.0, isl version isl-0.22.1-GMP

GGC heuristics: --param ggc-min-expand=100 --param ggc-min-heapsize=131072
ignoring duplicate directory "/usr/include/x86_64-linux-gnu/c++/9"
ignoring nonexistent directory "/usr/local/include/x86_64-linux-gnu"
ignoring nonexistent directory "/usr/lib/gcc/x86_64-linux-gnu/9/include-fixed"
ignoring nonexistent directory "/usr/lib/gcc/x86_64-linux-gnu/9/../../../../x86_64-linux-gnu/include"
#include "..." search starts here:
#include <...> search starts here:
 /usr/include/c++/9
 /usr/include/x86_64-linux-gnu/c++/9
 /usr/include/c++/9/backward
 /usr/lib/gcc/x86_64-linux-gnu/9/include
 /usr/local/include
 /usr/include/x86_64-linux-gnu
 /usr/include
End of search list.
GNU C++14 (Ubuntu 9.4.0-1ubuntu1~20.04.1) version 9.4.0 (x86_64-linux-gnu)
	compiled by GNU C version 9.4.0, GMP version 6.2.0, MPFR version 4.0.2, MPC version 1.1.0, isl version isl-0.22.1-GMP

GGC heuristics: --param ggc-min-expand=100 --param ggc-min-heapsize=131072
Compiler executable checksum: 65fe925b83d3956b533de4aaba7dace0
COLLECT_GCC_OPTIONS='-v' '-o' 'CMakeFiles/cmTC_584de.dir/CMakeCXXCompilerABI.cpp.o' '-c' '-shared-libgcc' '-mtune=generic' '-march=x86-64'
 as -v --64 -o CMakeFiles/cmTC_584de.dir/CMakeCXXCompilerABI.cpp.o /tmp/ccO1lvck.s
GNU assembler version 2.34 (x86_64-linux-gnu) using BFD version (GNU Binutils for Ubuntu) 2.34
COMPILER_PATH=/usr/lib/gcc/x86_64-linux-gnu/9/:/usr/lib/gcc/x86_64-linux-gnu/9/:/usr/lib/gcc/x86_64-linux-gnu/:/usr/lib/gcc/x86_64-linux-gnu/9/:/usr/lib/gcc/x86_64-linux-gnu/
LIBRARY_PATH=/usr/lib/gcc/x86_64-linux-gnu/9/:/usr/lib/gcc/x86_64-linux-gnu/9/../../../x86_64-linux-gnu/:/usr/lib/gcc/x86_64-linux-gnu/9/../../../../lib/:/lib/x86_64-linux-gnu/:/lib/../lib/:/usr/lib/x86_64-linux-gnu/:/usr/lib/../lib/:/usr/lib/gcc/x86_64-linux-gnu/9/../../../:/lib/:/usr/lib/
COLLECT_GCC_OPTIONS='-v' '-o' 'CMakeFiles/cmTC_584de.dir/CMakeCXXCompilerABI.cpp.o' '-c' '-shared-libgcc' '-mtune=generic' '-march=x86-64'
[2/2] Linking CXX executable cmTC_584de
Using built-in specs.
COLLECT_GCC=/usr/bin/c++
COLLECT_LTO_WRAPPER=/usr/lib/gcc/x86_64-linux-gnu/9/lto-wrapper
OFFLOAD_TARGET_NAMES=nvptx-none:hsa
OFFLOAD_TARGET_DEFAULT=1
Target: x86_64-linux-gnu
Configured with: ../src/configure -v --with-pkgversion='Ubuntu 9.4.0-1ubuntu1~20.04.1' --with-bugurl=file:///usr/share/doc/gcc-9/README.Bugs --enable-languages=c,ada,c++,go,brig,d,fortran,objc,obj-c++,gm2 --prefix=/usr --with-gcc-major-version-only --program-suffix=-9 --program-prefix=x86_64-linux-gnu- --enable-shared --enable-linker-build-id --libexecdir=/usr/lib --without-included-gettext --enable-threads=posix --libdir=/usr/lib --enable-nls --enable-clocale=gnu --enable-libstdcxx-debug --enable-libstdcxx-time=yes --with-default-libstdcxx-abi=new --enable-gnu-unique-object --disable-vtable-verify --enable-plugin --enable-default-pie --with-system-zlib --with-target-system-zlib=auto --enable-objc-gc=auto --enable-multiarch --disable-werror --with-arch-32=i686 --with-abi=m64 --with-multilib-list=m32,m64,mx32 --enable-multilib --with-tune=generic --enable-offload-targets=nvptx-none=/build/gcc-9-Av3uEd/gcc-9-9.4.0/debian/tmp-nvptx/usr,hsa --without-cuda-driver --enable-checking=release --build=x86_64-linux-gnu --host=x86_64-linux-gnu --target=x86_64-linux-gnu
Thread model: posix
gcc version 9.4.0 (Ubuntu 9.4.0-1ubuntu1~20.04.1) 
COMPILER_PATH=/usr/lib/gcc/x86_64-linux-gnu/9/:/usr/lib/gcc/x86_64-linux-gnu/9/:/usr/lib/gcc/x86_64-linux-gnu/:/usr/lib/gcc/x86_64-linux-gnu/9/:/usr/lib/gcc/x86_64-linux-gnu/
LIBRARY_PATH=/usr/lib/gcc/x86_64-linux-gnu/9/:/usr/lib/gcc/x86_64-linux-gnu/9/../../../x86_64-linux-gnu/:/usr/lib/gcc/x86_64-linux-gnu/9/../../../../lib/:/lib/x86_64-linux-gnu/:/lib/../lib/:/usr/lib/x86_64-linux-gnu/:/usr/lib/../lib/:/usr/lib/gcc/x86_64-linux-gnu/9/../../../:/lib/:/usr/lib/
COLLECT_GCC_OPTIONS='-v' '-o' 'cmTC_584de' '-shared-libgcc' '-mtune=generic' '-march=x86-64'
 /usr/lib/gcc/x86_64-linux-gnu/9/collect2 -plugin /usr/lib/gcc/x86_64-linux-gnu/9/liblto_plugin.so -plugin-opt=/usr/lib/gcc/x86_64-linux-gnu/9/lto-wrapper -plugin-opt=-fresolution=/tmp/ccEYOjkC.res -plugin-opt=-pass-through=-lgcc_s -plugin-opt=-pass-through=-lgcc -plugin-opt=-pass-through=-lc -plugin-opt=-pass-through=-lgcc_s -plugin-opt=-pass-through=-lgcc --build-id --eh-frame-hdr -m elf_x86_64 --hash-style=gnu --as-needed -dynamic-linker /lib64/ld-linux-x86-64.so.2 -pie -z now -z relro -o cmTC_584de /usr/lib/gcc/x86_64-linux-gnu/9/../../../x86_64-linux-gnu/Scrt1.o /usr/lib/gcc/x86_64-linux-gnu/9/../../../x86_64-linux-gnu/crti.o /usr/lib/gcc/x86_64-linux-gnu/9/crtbeginS.o -L/usr/lib/gcc/x86_64-linux-gnu/9 -L/usr/lib/gcc/x86_64-linux-gnu/9/../../../x86_64-linux-gnu -L/usr/lib/gcc/x86_64-linux-gnu/9/../../../../lib -L/lib/x86_64-linux-gnu -L/lib/../lib -L/usr/lib/x86_64-linux-gnu -L/usr/lib/../lib -L/usr/lib/gcc/x86_64-linux-gnu/9/../../.. CMakeFiles/cmTC_584de.dir/CMakeCXXCompilerABI.cpp.o -lstdc++ -lm -lgcc_s -lgcc -lc -lgcc_s -lgcc /usr/lib/gcc/x86_64-linux-gnu/9/crtendS.o /usr/lib/gcc/x86_64-linux-gnu/9/../../../x86_64-linux-gnu/crtn.o
COLLECT_GCC_OPTIONS='-v' '-o' 'cmTC_584de' '-shared-libgcc' '-mtune=generic' '-march=x86-64'



Parsed CXX implicit include dir info from above output: rv=done
  found start of include info
  found start of implicit include info
    add: [/usr/include/c++/9]
    add: [/usr/include/x86_64-linux-gnu/c++/9]
    add: [/usr/include/c++/9/backward]
    add: [/usr/lib/gcc/x86_64-linux-gnu/9/include]
    add: [/usr/local/include]
    add: [/usr/include/x86_64-linux-gnu]
    add: [/usr/include]
  end of search list found
  collapse include dir [/usr/include/c++/9] ==> [/usr/include/c++/9]
  collapse include dir [/usr/include/x86_64-linux-gnu/c++/9] ==> [/usr/include/x86_64-linux-gnu/c++/9]
  collapse include dir [/usr/include/c++/9/backward] ==> [/usr/include/c++/9/backward]
  collapse include dir [/usr/lib/gcc/x86_64-linux-gnu/9/include] ==> [/usr/lib/gcc/x86_64-linux-gnu/9/include]
  collapse include dir [/usr/local/include] ==> [/usr/local/include]
  collapse include dir [/usr/include/x86_64-linux-gnu] ==> [/usr/include/x86_64-linux-gnu]
  collapse include dir [/usr/include] ==> [/usr/include]
  implicit include dirs: [/usr/include/c++/9;/usr/include/x86_64-linux-gnu/c++/9;/usr/include/c++/9/backward;/usr/lib/gcc/x86_64-linux-gnu/9/include;/usr/local/include;/usr/include/x86_64-linux-gnu;/usr/include]


Parsed CXX implicit link information from above output:
  link line regex: [^( *|.*[/\])(ld|CMAKE_LINK_STARTFILE-NOTFOUND|([^/\]+-)?ld|collect2)[^/\]*( |$)]
  ignore line: [Change Dir: /home/letizia/llvm-project/CMakeFiles/CMakeTmp]
  ignore line: []
  ignore line: [Run Build Command(s):/usr/local/bin/ninja cmTC_584de && [1/2] Building CXX object CMakeFiles/cmTC_584de.dir/CMakeCXXCompilerABI.cpp.o]
  ignore line: [Using built-in specs.]
  ignore line: [COLLECT_GCC=/usr/bin/c++]
  ignore line: [OFFLOAD_TARGET_NAMES=nvptx-none:hsa]
  ignore line: [OFFLOAD_TARGET_DEFAULT=1]
  ignore line: [Target: x86_64-linux-gnu]
  ignore line: [Configured with: ../src/configure -v --with-pkgversion='Ubuntu 9.4.0-1ubuntu1~20.04.1' --with-bugurl=file:///usr/share/doc/gcc-9/README.Bugs --enable-languages=c ada c++ go brig d fortran objc obj-c++ gm2 --prefix=/usr --with-gcc-major-version-only --program-suffix=-9 --program-prefix=x86_64-linux-gnu- --enable-shared --enable-linker-build-id --libexecdir=/usr/lib --without-included-gettext --enable-threads=posix --libdir=/usr/lib --enable-nls --enable-clocale=gnu --enable-libstdcxx-debug --enable-libstdcxx-time=yes --with-default-libstdcxx-abi=new --enable-gnu-unique-object --disable-vtable-verify --enable-plugin --enable-default-pie --with-system-zlib --with-target-system-zlib=auto --enable-objc-gc=auto --enable-multiarch --disable-werror --with-arch-32=i686 --with-abi=m64 --with-multilib-list=m32 m64 mx32 --enable-multilib --with-tune=generic --enable-offload-targets=nvptx-none=/build/gcc-9-Av3uEd/gcc-9-9.4.0/debian/tmp-nvptx/usr hsa --without-cuda-driver --enable-checking=release --build=x86_64-linux-gnu --host=x86_64-linux-gnu --target=x86_64-linux-gnu]
  ignore line: [Thread model: posix]
  ignore line: [gcc version 9.4.0 (Ubuntu 9.4.0-1ubuntu1~20.04.1) ]
  ignore line: [COLLECT_GCC_OPTIONS='-v' '-o' 'CMakeFiles/cmTC_584de.dir/CMakeCXXCompilerABI.cpp.o' '-c' '-shared-libgcc' '-mtune=generic' '-march=x86-64']
  ignore line: [ /usr/lib/gcc/x86_64-linux-gnu/9/cc1plus -quiet -v -imultiarch x86_64-linux-gnu -D_GNU_SOURCE /usr/share/cmake-3.16/Modules/CMakeCXXCompilerABI.cpp -quiet -dumpbase CMakeCXXCompilerABI.cpp -mtune=generic -march=x86-64 -auxbase-strip CMakeFiles/cmTC_584de.dir/CMakeCXXCompilerABI.cpp.o -version -fasynchronous-unwind-tables -fstack-protector-strong -Wformat -Wformat-security -fstack-clash-protection -fcf-protection -o /tmp/ccO1lvck.s]
  ignore line: [GNU C++14 (Ubuntu 9.4.0-1ubuntu1~20.04.1) version 9.4.0 (x86_64-linux-gnu)]
  ignore line: [	compiled by GNU C version 9.4.0  GMP version 6.2.0  MPFR version 4.0.2  MPC version 1.1.0  isl version isl-0.22.1-GMP]
  ignore line: []
  ignore line: [GGC heuristics: --param ggc-min-expand=100 --param ggc-min-heapsize=131072]
  ignore line: [ignoring duplicate directory "/usr/include/x86_64-linux-gnu/c++/9"]
  ignore line: [ignoring nonexistent directory "/usr/local/include/x86_64-linux-gnu"]
  ignore line: [ignoring nonexistent directory "/usr/lib/gcc/x86_64-linux-gnu/9/include-fixed"]
  ignore line: [ignoring nonexistent directory "/usr/lib/gcc/x86_64-linux-gnu/9/../../../../x86_64-linux-gnu/include"]
  ignore line: [#include "..." search starts here:]
  ignore line: [#include <...> search starts here:]
  ignore line: [ /usr/include/c++/9]
  ignore line: [ /usr/include/x86_64-linux-gnu/c++/9]
  ignore line: [ /usr/include/c++/9/backward]
  ignore line: [ /usr/lib/gcc/x86_64-linux-gnu/9/include]
  ignore line: [ /usr/local/include]
  ignore line: [ /usr/include/x86_64-linux-gnu]
  ignore line: [ /usr/include]
  ignore line: [End of search list.]
  ignore line: [GNU C++14 (Ubuntu 9.4.0-1ubuntu1~20.04.1) version 9.4.0 (x86_64-linux-gnu)]
  ignore line: [	compiled by GNU C version 9.4.0  GMP version 6.2.0  MPFR version 4.0.2  MPC version 1.1.0  isl version isl-0.22.1-GMP]
  ignore line: []
  ignore line: [GGC heuristics: --param ggc-min-expand=100 --param ggc-min-heapsize=131072]
  ignore line: [Compiler executable checksum: 65fe925b83d3956b533de4aaba7dace0]
  ignore line: [COLLECT_GCC_OPTIONS='-v' '-o' 'CMakeFiles/cmTC_584de.dir/CMakeCXXCompilerABI.cpp.o' '-c' '-shared-libgcc' '-mtune=generic' '-march=x86-64']
  ignore line: [ as -v --64 -o CMakeFiles/cmTC_584de.dir/CMakeCXXCompilerABI.cpp.o /tmp/ccO1lvck.s]
  ignore line: [GNU assembler version 2.34 (x86_64-linux-gnu) using BFD version (GNU Binutils for Ubuntu) 2.34]
  ignore line: [COMPILER_PATH=/usr/lib/gcc/x86_64-linux-gnu/9/:/usr/lib/gcc/x86_64-linux-gnu/9/:/usr/lib/gcc/x86_64-linux-gnu/:/usr/lib/gcc/x86_64-linux-gnu/9/:/usr/lib/gcc/x86_64-linux-gnu/]
  ignore line: [LIBRARY_PATH=/usr/lib/gcc/x86_64-linux-gnu/9/:/usr/lib/gcc/x86_64-linux-gnu/9/../../../x86_64-linux-gnu/:/usr/lib/gcc/x86_64-linux-gnu/9/../../../../lib/:/lib/x86_64-linux-gnu/:/lib/../lib/:/usr/lib/x86_64-linux-gnu/:/usr/lib/../lib/:/usr/lib/gcc/x86_64-linux-gnu/9/../../../:/lib/:/usr/lib/]
  ignore line: [COLLECT_GCC_OPTIONS='-v' '-o' 'CMakeFiles/cmTC_584de.dir/CMakeCXXCompilerABI.cpp.o' '-c' '-shared-libgcc' '-mtune=generic' '-march=x86-64']
  ignore line: [[2/2] Linking CXX executable cmTC_584de]
  ignore line: [Using built-in specs.]
  ignore line: [COLLECT_GCC=/usr/bin/c++]
  ignore line: [COLLECT_LTO_WRAPPER=/usr/lib/gcc/x86_64-linux-gnu/9/lto-wrapper]
  ignore line: [OFFLOAD_TARGET_NAMES=nvptx-none:hsa]
  ignore line: [OFFLOAD_TARGET_DEFAULT=1]
  ignore line: [Target: x86_64-linux-gnu]
  ignore line: [Configured with: ../src/configure -v --with-pkgversion='Ubuntu 9.4.0-1ubuntu1~20.04.1' --with-bugurl=file:///usr/share/doc/gcc-9/README.Bugs --enable-languages=c ada c++ go brig d fortran objc obj-c++ gm2 --prefix=/usr --with-gcc-major-version-only --program-suffix=-9 --program-prefix=x86_64-linux-gnu- --enable-shared --enable-linker-build-id --libexecdir=/usr/lib --without-included-gettext --enable-threads=posix --libdir=/usr/lib --enable-nls --enable-clocale=gnu --enable-libstdcxx-debug --enable-libstdcxx-time=yes --with-default-libstdcxx-abi=new --enable-gnu-unique-object --disable-vtable-verify --enable-plugin --enable-default-pie --with-system-zlib --with-target-system-zlib=auto --enable-objc-gc=auto --enable-multiarch --disable-werror --with-arch-32=i686 --with-abi=m64 --with-multilib-list=m32 m64 mx32 --enable-multilib --with-tune=generic --enable-offload-targets=nvptx-none=/build/gcc-9-Av3uEd/gcc-9-9.4.0/debian/tmp-nvptx/usr hsa --without-cuda-driver --enable-checking=release --build=x86_64-linux-gnu --host=x86_64-linux-gnu --target=x86_64-linux-gnu]
  ignore line: [Thread model: posix]
  ignore line: [gcc version 9.4.0 (Ubuntu 9.4.0-1ubuntu1~20.04.1) ]
  ignore line: [COMPILER_PATH=/usr/lib/gcc/x86_64-linux-gnu/9/:/usr/lib/gcc/x86_64-linux-gnu/9/:/usr/lib/gcc/x86_64-linux-gnu/:/usr/lib/gcc/x86_64-linux-gnu/9/:/usr/lib/gcc/x86_64-linux-gnu/]
  ignore line: [LIBRARY_PATH=/usr/lib/gcc/x86_64-linux-gnu/9/:/usr/lib/gcc/x86_64-linux-gnu/9/../../../x86_64-linux-gnu/:/usr/lib/gcc/x86_64-linux-gnu/9/../../../../lib/:/lib/x86_64-linux-gnu/:/lib/../lib/:/usr/lib/x86_64-linux-gnu/:/usr/lib/../lib/:/usr/lib/gcc/x86_64-linux-gnu/9/../../../:/lib/:/usr/lib/]
  ignore line: [COLLECT_GCC_OPTIONS='-v' '-o' 'cmTC_584de' '-shared-libgcc' '-mtune=generic' '-march=x86-64']
  link line: [ /usr/lib/gcc/x86_64-linux-gnu/9/collect2 -plugin /usr/lib/gcc/x86_64-linux-gnu/9/liblto_plugin.so -plugin-opt=/usr/lib/gcc/x86_64-linux-gnu/9/lto-wrapper -plugin-opt=-fresolution=/tmp/ccEYOjkC.res -plugin-opt=-pass-through=-lgcc_s -plugin-opt=-pass-through=-lgcc -plugin-opt=-pass-through=-lc -plugin-opt=-pass-through=-lgcc_s -plugin-opt=-pass-through=-lgcc --build-id --eh-frame-hdr -m elf_x86_64 --hash-style=gnu --as-needed -dynamic-linker /lib64/ld-linux-x86-64.so.2 -pie -z now -z relro -o cmTC_584de /usr/lib/gcc/x86_64-linux-gnu/9/../../../x86_64-linux-gnu/Scrt1.o /usr/lib/gcc/x86_64-linux-gnu/9/../../../x86_64-linux-gnu/crti.o /usr/lib/gcc/x86_64-linux-gnu/9/crtbeginS.o -L/usr/lib/gcc/x86_64-linux-gnu/9 -L/usr/lib/gcc/x86_64-linux-gnu/9/../../../x86_64-linux-gnu -L/usr/lib/gcc/x86_64-linux-gnu/9/../../../../lib -L/lib/x86_64-linux-gnu -L/lib/../lib -L/usr/lib/x86_64-linux-gnu -L/usr/lib/../lib -L/usr/lib/gcc/x86_64-linux-gnu/9/../../.. CMakeFiles/cmTC_584de.dir/CMakeCXXCompilerABI.cpp.o -lstdc++ -lm -lgcc_s -lgcc -lc -lgcc_s -lgcc /usr/lib/gcc/x86_64-linux-gnu/9/crtendS.o /usr/lib/gcc/x86_64-linux-gnu/9/../../../x86_64-linux-gnu/crtn.o]
    arg [/usr/lib/gcc/x86_64-linux-gnu/9/collect2] ==> ignore
    arg [-plugin] ==> ignore
    arg [/usr/lib/gcc/x86_64-linux-gnu/9/liblto_plugin.so] ==> ignore
    arg [-plugin-opt=/usr/lib/gcc/x86_64-linux-gnu/9/lto-wrapper] ==> ignore
    arg [-plugin-opt=-fresolution=/tmp/ccEYOjkC.res] ==> ignore
    arg [-plugin-opt=-pass-through=-lgcc_s] ==> ignore
    arg [-plugin-opt=-pass-through=-lgcc] ==> ignore
    arg [-plugin-opt=-pass-through=-lc] ==> ignore
    arg [-plugin-opt=-pass-through=-lgcc_s] ==> ignore
    arg [-plugin-opt=-pass-through=-lgcc] ==> ignore
    arg [--build-id] ==> ignore
    arg [--eh-frame-hdr] ==> ignore
    arg [-m] ==> ignore
    arg [elf_x86_64] ==> ignore
    arg [--hash-style=gnu] ==> ignore
    arg [--as-needed] ==> ignore
    arg [-dynamic-linker] ==> ignore
    arg [/lib64/ld-linux-x86-64.so.2] ==> ignore
    arg [-pie] ==> ignore
    arg [-znow] ==> ignore
    arg [-zrelro] ==> ignore
    arg [-o] ==> ignore
    arg [cmTC_584de] ==> ignore
    arg [/usr/lib/gcc/x86_64-linux-gnu/9/../../../x86_64-linux-gnu/Scrt1.o] ==> ignore
    arg [/usr/lib/gcc/x86_64-linux-gnu/9/../../../x86_64-linux-gnu/crti.o] ==> ignore
    arg [/usr/lib/gcc/x86_64-linux-gnu/9/crtbeginS.o] ==> ignore
    arg [-L/usr/lib/gcc/x86_64-linux-gnu/9] ==> dir [/usr/lib/gcc/x86_64-linux-gnu/9]
    arg [-L/usr/lib/gcc/x86_64-linux-gnu/9/../../../x86_64-linux-gnu] ==> dir [/usr/lib/gcc/x86_64-linux-gnu/9/../../../x86_64-linux-gnu]
    arg [-L/usr/lib/gcc/x86_64-linux-gnu/9/../../../../lib] ==> dir [/usr/lib/gcc/x86_64-linux-gnu/9/../../../../lib]
    arg [-L/lib/x86_64-linux-gnu] ==> dir [/lib/x86_64-linux-gnu]
    arg [-L/lib/../lib] ==> dir [/lib/../lib]
    arg [-L/usr/lib/x86_64-linux-gnu] ==> dir [/usr/lib/x86_64-linux-gnu]
    arg [-L/usr/lib/../lib] ==> dir [/usr/lib/../lib]
    arg [-L/usr/lib/gcc/x86_64-linux-gnu/9/../../..] ==> dir [/usr/lib/gcc/x86_64-linux-gnu/9/../../..]
    arg [CMakeFiles/cmTC_584de.dir/CMakeCXXCompilerABI.cpp.o] ==> ignore
    arg [-lstdc++] ==> lib [stdc++]
    arg [-lm] ==> lib [m]
    arg [-lgcc_s] ==> lib [gcc_s]
    arg [-lgcc] ==> lib [gcc]
    arg [-lc] ==> lib [c]
    arg [-lgcc_s] ==> lib [gcc_s]
    arg [-lgcc] ==> lib [gcc]
    arg [/usr/lib/gcc/x86_64-linux-gnu/9/crtendS.o] ==> ignore
    arg [/usr/lib/gcc/x86_64-linux-gnu/9/../../../x86_64-linux-gnu/crtn.o] ==> ignore
  collapse library dir [/usr/lib/gcc/x86_64-linux-gnu/9] ==> [/usr/lib/gcc/x86_64-linux-gnu/9]
  collapse library dir [/usr/lib/gcc/x86_64-linux-gnu/9/../../../x86_64-linux-gnu] ==> [/usr/lib/x86_64-linux-gnu]
  collapse library dir [/usr/lib/gcc/x86_64-linux-gnu/9/../../../../lib] ==> [/usr/lib]
  collapse library dir [/lib/x86_64-linux-gnu] ==> [/lib/x86_64-linux-gnu]
  collapse library dir [/lib/../lib] ==> [/lib]
  collapse library dir [/usr/lib/x86_64-linux-gnu] ==> [/usr/lib/x86_64-linux-gnu]
  collapse library dir [/usr/lib/../lib] ==> [/usr/lib]
  collapse library dir [/usr/lib/gcc/x86_64-linux-gnu/9/../../..] ==> [/usr/lib]
  implicit libs: [stdc++;m;gcc_s;gcc;c;gcc_s;gcc]
  implicit dirs: [/usr/lib/gcc/x86_64-linux-gnu/9;/usr/lib/x86_64-linux-gnu;/usr/lib;/lib/x86_64-linux-gnu;/lib]
  implicit fwks: []


Determining if the include file dlfcn.h exists passed with the following output:
Change Dir: /home/letizia/llvm-project/CMakeFiles/CMakeTmp

Run Build Command(s):/usr/local/bin/ninja cmTC_b81de && [1/2] Building C object CMakeFiles/cmTC_b81de.dir/CheckIncludeFile.c.o
[2/2] Linking C executable cmTC_b81de



Determining if the include file errno.h exists passed with the following output:
Change Dir: /home/letizia/llvm-project/CMakeFiles/CMakeTmp

Run Build Command(s):/usr/local/bin/ninja cmTC_7e906 && [1/2] Building C object CMakeFiles/cmTC_7e906.dir/CheckIncludeFile.c.o
[2/2] Linking C executable cmTC_7e906



Determining if the include file fcntl.h exists passed with the following output:
Change Dir: /home/letizia/llvm-project/CMakeFiles/CMakeTmp

Run Build Command(s):/usr/local/bin/ninja cmTC_b87f6 && [1/2] Building C object CMakeFiles/cmTC_b87f6.dir/CheckIncludeFile.c.o
[2/2] Linking C executable cmTC_b87f6



Determining if the include file link.h exists passed with the following output:
Change Dir: /home/letizia/llvm-project/CMakeFiles/CMakeTmp

Run Build Command(s):/usr/local/bin/ninja cmTC_2c48b && [1/2] Building C object CMakeFiles/cmTC_2c48b.dir/CheckIncludeFile.c.o
[2/2] Linking C executable cmTC_2c48b



Determining if the include file pthread.h exists passed with the following output:
Change Dir: /home/letizia/llvm-project/CMakeFiles/CMakeTmp

Run Build Command(s):/usr/local/bin/ninja cmTC_40e87 && [1/2] Building C object CMakeFiles/cmTC_40e87.dir/CheckIncludeFile.c.o
[2/2] Linking C executable cmTC_40e87



Determining if the include file signal.h exists passed with the following output:
Change Dir: /home/letizia/llvm-project/CMakeFiles/CMakeTmp

Run Build Command(s):/usr/local/bin/ninja cmTC_76c94 && [1/2] Building C object CMakeFiles/cmTC_76c94.dir/CheckIncludeFile.c.o
[2/2] Linking C executable cmTC_76c94



Determining if the include file sys/ioctl.h exists passed with the following output:
Change Dir: /home/letizia/llvm-project/CMakeFiles/CMakeTmp

Run Build Command(s):/usr/local/bin/ninja cmTC_d5ebd && [1/2] Building C object CMakeFiles/cmTC_d5ebd.dir/CheckIncludeFile.c.o
[2/2] Linking C executable cmTC_d5ebd



Determining if the include file sys/mman.h exists passed with the following output:
Change Dir: /home/letizia/llvm-project/CMakeFiles/CMakeTmp

Run Build Command(s):/usr/local/bin/ninja cmTC_5670f && [1/2] Building C object CMakeFiles/cmTC_5670f.dir/CheckIncludeFile.c.o
[2/2] Linking C executable cmTC_5670f



Determining if the include file sys/param.h exists passed with the following output:
Change Dir: /home/letizia/llvm-project/CMakeFiles/CMakeTmp

Run Build Command(s):/usr/local/bin/ninja cmTC_9ed1c && [1/2] Building C object CMakeFiles/cmTC_9ed1c.dir/CheckIncludeFile.c.o
[2/2] Linking C executable cmTC_9ed1c



Determining if the include file sys/resource.h exists passed with the following output:
Change Dir: /home/letizia/llvm-project/CMakeFiles/CMakeTmp

Run Build Command(s):/usr/local/bin/ninja cmTC_75d95 && [1/2] Building C object CMakeFiles/cmTC_75d95.dir/CheckIncludeFile.c.o
[2/2] Linking C executable cmTC_75d95



Determining if the include file sys/stat.h exists passed with the following output:
Change Dir: /home/letizia/llvm-project/CMakeFiles/CMakeTmp

Run Build Command(s):/usr/local/bin/ninja cmTC_344cc && [1/2] Building C object CMakeFiles/cmTC_344cc.dir/CheckIncludeFile.c.o
[2/2] Linking C executable cmTC_344cc



Determining if the include file sys/time.h exists passed with the following output:
Change Dir: /home/letizia/llvm-project/CMakeFiles/CMakeTmp

Run Build Command(s):/usr/local/bin/ninja cmTC_9701d && [1/2] Building C object CMakeFiles/cmTC_9701d.dir/CheckIncludeFile.c.o
[2/2] Linking C executable cmTC_9701d



Determining if the include file sys/types.h exists passed with the following output:
Change Dir: /home/letizia/llvm-project/CMakeFiles/CMakeTmp

Run Build Command(s):/usr/local/bin/ninja cmTC_64530 && [1/2] Building C object CMakeFiles/cmTC_64530.dir/CheckIncludeFile.c.o
[2/2] Linking C executable cmTC_64530



Determining if the include file sysexits.h exists passed with the following output:
Change Dir: /home/letizia/llvm-project/CMakeFiles/CMakeTmp

Run Build Command(s):/usr/local/bin/ninja cmTC_80041 && [1/2] Building C object CMakeFiles/cmTC_80041.dir/CheckIncludeFile.c.o
[2/2] Linking C executable cmTC_80041



Determining if the include file termios.h exists passed with the following output:
Change Dir: /home/letizia/llvm-project/CMakeFiles/CMakeTmp

Run Build Command(s):/usr/local/bin/ninja cmTC_24ed5 && [1/2] Building C object CMakeFiles/cmTC_24ed5.dir/CheckIncludeFile.c.o
[2/2] Linking C executable cmTC_24ed5



Determining if the include file unistd.h exists passed with the following output:
Change Dir: /home/letizia/llvm-project/CMakeFiles/CMakeTmp

Run Build Command(s):/usr/local/bin/ninja cmTC_1412f && [1/2] Building C object CMakeFiles/cmTC_1412f.dir/CheckIncludeFile.c.o
[2/2] Linking C executable cmTC_1412f



Determining if the include file fenv.h exists passed with the following output:
Change Dir: /home/letizia/llvm-project/CMakeFiles/CMakeTmp

Run Build Command(s):/usr/local/bin/ninja cmTC_c5c4c && [1/2] Building C object CMakeFiles/cmTC_c5c4c.dir/CheckIncludeFile.c.o
[2/2] Linking C executable cmTC_c5c4c



Determining if the FE_ALL_EXCEPT exist passed with the following output:
Change Dir: /home/letizia/llvm-project/CMakeFiles/CMakeTmp

Run Build Command(s):/usr/local/bin/ninja cmTC_5b388 && [1/2] Building C object CMakeFiles/cmTC_5b388.dir/CheckSymbolExists.c.o
[2/2] Linking C executable cmTC_5b388


File /home/letizia/llvm-project/CMakeFiles/CMakeTmp/CheckSymbolExists.c:
/* */
#include <fenv.h>

int main(int argc, char** argv)
{
  (void)argv;
#ifndef FE_ALL_EXCEPT
  return ((int*)(&FE_ALL_EXCEPT))[argc];
#else
  (void)argc;
  return 0;
#endif
}
Determining if the FE_INEXACT exist passed with the following output:
Change Dir: /home/letizia/llvm-project/CMakeFiles/CMakeTmp

Run Build Command(s):/usr/local/bin/ninja cmTC_b2bf9 && [1/2] Building C object CMakeFiles/cmTC_b2bf9.dir/CheckSymbolExists.c.o
[2/2] Linking C executable cmTC_b2bf9


File /home/letizia/llvm-project/CMakeFiles/CMakeTmp/CheckSymbolExists.c:
/* */
#include <fenv.h>

int main(int argc, char** argv)
{
  (void)argv;
#ifndef FE_INEXACT
  return ((int*)(&FE_INEXACT))[argc];
#else
  (void)argc;
  return 0;
#endif
}
Determining if the include file linux/magic.h exists passed with the following output:
Change Dir: /home/letizia/llvm-project/CMakeFiles/CMakeTmp

Run Build Command(s):/usr/local/bin/ninja cmTC_b108b && [1/2] Building C object CMakeFiles/cmTC_b108b.dir/CheckIncludeFile.c.o
[2/2] Linking C executable cmTC_b108b



Determining if the function pthread_create exists in the pthread passed with the following output:
Change Dir: /home/letizia/llvm-project/CMakeFiles/CMakeTmp

Run Build Command(s):/usr/local/bin/ninja cmTC_d25b2 && [1/2] Building C object CMakeFiles/cmTC_d25b2.dir/CheckFunctionExists.c.o
[2/2] Linking C executable cmTC_d25b2



Determining if the function pthread_rwlock_init exists in the pthread passed with the following output:
Change Dir: /home/letizia/llvm-project/CMakeFiles/CMakeTmp

Run Build Command(s):/usr/local/bin/ninja cmTC_3430f && [1/2] Building C object CMakeFiles/cmTC_3430f.dir/CheckFunctionExists.c.o
[2/2] Linking C executable cmTC_3430f



Determining if the function pthread_mutex_lock exists in the pthread passed with the following output:
Change Dir: /home/letizia/llvm-project/CMakeFiles/CMakeTmp

Run Build Command(s):/usr/local/bin/ninja cmTC_864af && [1/2] Building C object CMakeFiles/cmTC_864af.dir/CheckFunctionExists.c.o
[2/2] Linking C executable cmTC_864af



Determining if the function dlopen exists in the dl passed with the following output:
Change Dir: /home/letizia/llvm-project/CMakeFiles/CMakeTmp

Run Build Command(s):/usr/local/bin/ninja cmTC_35060 && [1/2] Building C object CMakeFiles/cmTC_35060.dir/CheckFunctionExists.c.o
[2/2] Linking C executable cmTC_35060



Determining if the function clock_gettime exists in the rt passed with the following output:
Change Dir: /home/letizia/llvm-project/CMakeFiles/CMakeTmp

Run Build Command(s):/usr/local/bin/ninja cmTC_f1528 && [1/2] Building C object CMakeFiles/cmTC_f1528.dir/CheckFunctionExists.c.o
[2/2] Linking C executable cmTC_f1528



Determining if the include file pthread.h exists passed with the following output:
Change Dir: /home/letizia/llvm-project/CMakeFiles/CMakeTmp

Run Build Command(s):/usr/local/bin/ninja cmTC_388f9 && [1/2] Building C object CMakeFiles/cmTC_388f9.dir/CheckIncludeFile.c.o
[2/2] Linking C executable cmTC_388f9



Determining if the function pthread_create exists in the pthread passed with the following output:
Change Dir: /home/letizia/llvm-project/CMakeFiles/CMakeTmp

Run Build Command(s):/usr/local/bin/ninja cmTC_80aeb && [1/2] Building C object CMakeFiles/cmTC_80aeb.dir/CheckFunctionExists.c.o
[2/2] Linking C executable cmTC_80aeb



Determining if the backtrace exist passed with the following output:
Change Dir: /home/letizia/llvm-project/CMakeFiles/CMakeTmp

Run Build Command(s):/usr/local/bin/ninja cmTC_ee674 && [1/2] Building C object CMakeFiles/cmTC_ee674.dir/CheckSymbolExists.c.o
[2/2] Linking C executable cmTC_ee674


File /home/letizia/llvm-project/CMakeFiles/CMakeTmp/CheckSymbolExists.c:
/* */
#include <execinfo.h>

int main(int argc, char** argv)
{
  (void)argv;
#ifndef backtrace
  return ((int*)(&backtrace))[argc];
#else
  (void)argc;
  return 0;
#endif
}
Determining if the __register_frame exist passed with the following output:
Change Dir: /home/letizia/llvm-project/CMakeFiles/CMakeTmp

Run Build Command(s):/usr/local/bin/ninja cmTC_4bc11 && [1/2] Building C object CMakeFiles/cmTC_4bc11.dir/CheckSymbolExists.c.o
[2/2] Linking C executable cmTC_4bc11


File /home/letizia/llvm-project/CMakeFiles/CMakeTmp/CheckSymbolExists.c:
/* */
#include </home/letizia/llvm-project/llvm/cmake/unwind.h>

int main(int argc, char** argv)
{
  (void)argv;
#ifndef __register_frame
  return ((int*)(&__register_frame))[argc];
#else
  (void)argc;
  return 0;
#endif
}
Determining if the __deregister_frame exist passed with the following output:
Change Dir: /home/letizia/llvm-project/CMakeFiles/CMakeTmp

Run Build Command(s):/usr/local/bin/ninja cmTC_c35b7 && [1/2] Building C object CMakeFiles/cmTC_c35b7.dir/CheckSymbolExists.c.o
[2/2] Linking C executable cmTC_c35b7


File /home/letizia/llvm-project/CMakeFiles/CMakeTmp/CheckSymbolExists.c:
/* */
#include </home/letizia/llvm-project/llvm/cmake/unwind.h>

int main(int argc, char** argv)
{
  (void)argv;
#ifndef __deregister_frame
  return ((int*)(&__deregister_frame))[argc];
#else
  (void)argc;
  return 0;
#endif
}
Determining if the _Unwind_Backtrace exist passed with the following output:
Change Dir: /home/letizia/llvm-project/CMakeFiles/CMakeTmp

Run Build Command(s):/usr/local/bin/ninja cmTC_951b2 && [1/2] Building C object CMakeFiles/cmTC_951b2.dir/CheckSymbolExists.c.o
[2/2] Linking C executable cmTC_951b2


File /home/letizia/llvm-project/CMakeFiles/CMakeTmp/CheckSymbolExists.c:
/* */
#include <unwind.h>

int main(int argc, char** argv)
{
  (void)argv;
#ifndef _Unwind_Backtrace
  return ((int*)(&_Unwind_Backtrace))[argc];
#else
  (void)argc;
  return 0;
#endif
}
Determining if the getpagesize exist passed with the following output:
Change Dir: /home/letizia/llvm-project/CMakeFiles/CMakeTmp

Run Build Command(s):/usr/local/bin/ninja cmTC_08b06 && [1/2] Building C object CMakeFiles/cmTC_08b06.dir/CheckSymbolExists.c.o
[2/2] Linking C executable cmTC_08b06


File /home/letizia/llvm-project/CMakeFiles/CMakeTmp/CheckSymbolExists.c:
/* */
#include <unistd.h>

int main(int argc, char** argv)
{
  (void)argv;
#ifndef getpagesize
  return ((int*)(&getpagesize))[argc];
#else
  (void)argc;
  return 0;
#endif
}
Determining if the sysconf exist passed with the following output:
Change Dir: /home/letizia/llvm-project/CMakeFiles/CMakeTmp

Run Build Command(s):/usr/local/bin/ninja cmTC_cdf20 && [1/2] Building C object CMakeFiles/cmTC_cdf20.dir/CheckSymbolExists.c.o
[2/2] Linking C executable cmTC_cdf20


File /home/letizia/llvm-project/CMakeFiles/CMakeTmp/CheckSymbolExists.c:
/* */
#include <unistd.h>

int main(int argc, char** argv)
{
  (void)argv;
#ifndef sysconf
  return ((int*)(&sysconf))[argc];
#else
  (void)argc;
  return 0;
#endif
}
Determining if the getrusage exist passed with the following output:
Change Dir: /home/letizia/llvm-project/CMakeFiles/CMakeTmp

Run Build Command(s):/usr/local/bin/ninja cmTC_e9327 && [1/2] Building C object CMakeFiles/cmTC_e9327.dir/CheckSymbolExists.c.o
[2/2] Linking C executable cmTC_e9327


File /home/letizia/llvm-project/CMakeFiles/CMakeTmp/CheckSymbolExists.c:
/* */
#include <sys/resource.h>

int main(int argc, char** argv)
{
  (void)argv;
#ifndef getrusage
  return ((int*)(&getrusage))[argc];
#else
  (void)argc;
  return 0;
#endif
}
Determining if the setrlimit exist passed with the following output:
Change Dir: /home/letizia/llvm-project/CMakeFiles/CMakeTmp

Run Build Command(s):/usr/local/bin/ninja cmTC_645ad && [1/2] Building C object CMakeFiles/cmTC_645ad.dir/CheckSymbolExists.c.o
[2/2] Linking C executable cmTC_645ad


File /home/letizia/llvm-project/CMakeFiles/CMakeTmp/CheckSymbolExists.c:
/* */
#include <sys/resource.h>

int main(int argc, char** argv)
{
  (void)argv;
#ifndef setrlimit
  return ((int*)(&setrlimit))[argc];
#else
  (void)argc;
  return 0;
#endif
}
Determining if the isatty exist passed with the following output:
Change Dir: /home/letizia/llvm-project/CMakeFiles/CMakeTmp

Run Build Command(s):/usr/local/bin/ninja cmTC_bc6ea && [1/2] Building C object CMakeFiles/cmTC_bc6ea.dir/CheckSymbolExists.c.o
[2/2] Linking C executable cmTC_bc6ea


File /home/letizia/llvm-project/CMakeFiles/CMakeTmp/CheckSymbolExists.c:
/* */
#include <unistd.h>

int main(int argc, char** argv)
{
  (void)argv;
#ifndef isatty
  return ((int*)(&isatty))[argc];
#else
  (void)argc;
  return 0;
#endif
}
Determining if the futimens exist passed with the following output:
Change Dir: /home/letizia/llvm-project/CMakeFiles/CMakeTmp

Run Build Command(s):/usr/local/bin/ninja cmTC_e21de && [1/2] Building C object CMakeFiles/cmTC_e21de.dir/CheckSymbolExists.c.o
[2/2] Linking C executable cmTC_e21de


File /home/letizia/llvm-project/CMakeFiles/CMakeTmp/CheckSymbolExists.c:
/* */
#include <sys/stat.h>

int main(int argc, char** argv)
{
  (void)argv;
#ifndef futimens
  return ((int*)(&futimens))[argc];
#else
  (void)argc;
  return 0;
#endif
}
Determining if the futimes exist passed with the following output:
Change Dir: /home/letizia/llvm-project/CMakeFiles/CMakeTmp

Run Build Command(s):/usr/local/bin/ninja cmTC_e8ebe && [1/2] Building C object CMakeFiles/cmTC_e8ebe.dir/CheckSymbolExists.c.o
[2/2] Linking C executable cmTC_e8ebe


File /home/letizia/llvm-project/CMakeFiles/CMakeTmp/CheckSymbolExists.c:
/* */
#include <sys/time.h>

int main(int argc, char** argv)
{
  (void)argv;
#ifndef futimes
  return ((int*)(&futimes))[argc];
#else
  (void)argc;
  return 0;
#endif
}
Determining if the sigaltstack exist passed with the following output:
Change Dir: /home/letizia/llvm-project/CMakeFiles/CMakeTmp

Run Build Command(s):/usr/local/bin/ninja cmTC_5afdb && [1/2] Building C object CMakeFiles/cmTC_5afdb.dir/CheckSymbolExists.c.o
[2/2] Linking C executable cmTC_5afdb


File /home/letizia/llvm-project/CMakeFiles/CMakeTmp/CheckSymbolExists.c:
/* */
#include <signal.h>

int main(int argc, char** argv)
{
  (void)argv;
#ifndef sigaltstack
  return ((int*)(&sigaltstack))[argc];
#else
  (void)argc;
  return 0;
#endif
}
Determining if the lseek64 exist passed with the following output:
Change Dir: /home/letizia/llvm-project/CMakeFiles/CMakeTmp

Run Build Command(s):/usr/local/bin/ninja cmTC_b53bf && [1/2] Building C object CMakeFiles/cmTC_b53bf.dir/CheckSymbolExists.c.o
[2/2] Linking C executable cmTC_b53bf


File /home/letizia/llvm-project/CMakeFiles/CMakeTmp/CheckSymbolExists.c:
/* */
#include <sys/types.h>
#include <unistd.h>

int main(int argc, char** argv)
{
  (void)argv;
#ifndef lseek64
  return ((int*)(&lseek64))[argc];
#else
  (void)argc;
  return 0;
#endif
}
Determining if the mallinfo exist passed with the following output:
Change Dir: /home/letizia/llvm-project/CMakeFiles/CMakeTmp

Run Build Command(s):/usr/local/bin/ninja cmTC_3e9b1 && [1/2] Building C object CMakeFiles/cmTC_3e9b1.dir/CheckSymbolExists.c.o
[2/2] Linking C executable cmTC_3e9b1


File /home/letizia/llvm-project/CMakeFiles/CMakeTmp/CheckSymbolExists.c:
/* */
#include <malloc.h>

int main(int argc, char** argv)
{
  (void)argv;
#ifndef mallinfo
  return ((int*)(&mallinfo))[argc];
#else
  (void)argc;
  return 0;
#endif
}
Determining if the getrlimit exist passed with the following output:
Change Dir: /home/letizia/llvm-project/CMakeFiles/CMakeTmp

Run Build Command(s):/usr/local/bin/ninja cmTC_d4a60 && [1/2] Building C object CMakeFiles/cmTC_d4a60.dir/CheckSymbolExists.c.o
[2/2] Linking C executable cmTC_d4a60


File /home/letizia/llvm-project/CMakeFiles/CMakeTmp/CheckSymbolExists.c:
/* */
#include <sys/types.h>
#include <sys/time.h>
#include <sys/resource.h>

int main(int argc, char** argv)
{
  (void)argv;
#ifndef getrlimit
  return ((int*)(&getrlimit))[argc];
#else
  (void)argc;
  return 0;
#endif
}
Determining if the posix_spawn exist passed with the following output:
Change Dir: /home/letizia/llvm-project/CMakeFiles/CMakeTmp

Run Build Command(s):/usr/local/bin/ninja cmTC_2f15e && [1/2] Building C object CMakeFiles/cmTC_2f15e.dir/CheckSymbolExists.c.o
[2/2] Linking C executable cmTC_2f15e


File /home/letizia/llvm-project/CMakeFiles/CMakeTmp/CheckSymbolExists.c:
/* */
#include <spawn.h>

int main(int argc, char** argv)
{
  (void)argv;
#ifndef posix_spawn
  return ((int*)(&posix_spawn))[argc];
#else
  (void)argc;
  return 0;
#endif
}
Determining if the pread exist passed with the following output:
Change Dir: /home/letizia/llvm-project/CMakeFiles/CMakeTmp

Run Build Command(s):/usr/local/bin/ninja cmTC_e9d0a && [1/2] Building C object CMakeFiles/cmTC_e9d0a.dir/CheckSymbolExists.c.o
[2/2] Linking C executable cmTC_e9d0a


File /home/letizia/llvm-project/CMakeFiles/CMakeTmp/CheckSymbolExists.c:
/* */
#include <unistd.h>

int main(int argc, char** argv)
{
  (void)argv;
#ifndef pread
  return ((int*)(&pread))[argc];
#else
  (void)argc;
  return 0;
#endif
}
Determining if the sbrk exist passed with the following output:
Change Dir: /home/letizia/llvm-project/CMakeFiles/CMakeTmp

Run Build Command(s):/usr/local/bin/ninja cmTC_0e04f && [1/2] Building C object CMakeFiles/cmTC_0e04f.dir/CheckSymbolExists.c.o
[2/2] Linking C executable cmTC_0e04f


File /home/letizia/llvm-project/CMakeFiles/CMakeTmp/CheckSymbolExists.c:
/* */
#include <unistd.h>

int main(int argc, char** argv)
{
  (void)argv;
#ifndef sbrk
  return ((int*)(&sbrk))[argc];
#else
  (void)argc;
  return 0;
#endif
}
Determining if the strerror exist passed with the following output:
Change Dir: /home/letizia/llvm-project/CMakeFiles/CMakeTmp

Run Build Command(s):/usr/local/bin/ninja cmTC_7eeef && [1/2] Building C object CMakeFiles/cmTC_7eeef.dir/CheckSymbolExists.c.o
[2/2] Linking C executable cmTC_7eeef


File /home/letizia/llvm-project/CMakeFiles/CMakeTmp/CheckSymbolExists.c:
/* */
#include <string.h>

int main(int argc, char** argv)
{
  (void)argv;
#ifndef strerror
  return ((int*)(&strerror))[argc];
#else
  (void)argc;
  return 0;
#endif
}
Determining if the strerror_r exist passed with the following output:
Change Dir: /home/letizia/llvm-project/CMakeFiles/CMakeTmp

Run Build Command(s):/usr/local/bin/ninja cmTC_14834 && [1/2] Building C object CMakeFiles/cmTC_14834.dir/CheckSymbolExists.c.o
[2/2] Linking C executable cmTC_14834


File /home/letizia/llvm-project/CMakeFiles/CMakeTmp/CheckSymbolExists.c:
/* */
#include <string.h>

int main(int argc, char** argv)
{
  (void)argv;
#ifndef strerror_r
  return ((int*)(&strerror_r))[argc];
#else
  (void)argc;
  return 0;
#endif
}
Determining if the setenv exist passed with the following output:
Change Dir: /home/letizia/llvm-project/CMakeFiles/CMakeTmp

Run Build Command(s):/usr/local/bin/ninja cmTC_0a02b && [1/2] Building C object CMakeFiles/cmTC_0a02b.dir/CheckSymbolExists.c.o
[2/2] Linking C executable cmTC_0a02b


File /home/letizia/llvm-project/CMakeFiles/CMakeTmp/CheckSymbolExists.c:
/* */
#include <stdlib.h>

int main(int argc, char** argv)
{
  (void)argv;
#ifndef setenv
  return ((int*)(&setenv))[argc];
#else
  (void)argc;
  return 0;
#endif
}
Determining if the dlopen exist passed with the following output:
Change Dir: /home/letizia/llvm-project/CMakeFiles/CMakeTmp

Run Build Command(s):/usr/local/bin/ninja cmTC_c1ae3 && [1/2] Building C object CMakeFiles/cmTC_c1ae3.dir/CheckSymbolExists.c.o
[2/2] Linking C executable cmTC_c1ae3


File /home/letizia/llvm-project/CMakeFiles/CMakeTmp/CheckSymbolExists.c:
/* */
#include <dlfcn.h>

int main(int argc, char** argv)
{
  (void)argv;
#ifndef dlopen
  return ((int*)(&dlopen))[argc];
#else
  (void)argc;
  return 0;
#endif
}
Performing C SOURCE FILE Test HAVE_STRUCT_STAT_ST_MTIM_TV_NSEC succeeded with the following output:
Change Dir: /home/letizia/llvm-project/CMakeFiles/CMakeTmp

Run Build Command(s):/usr/local/bin/ninja cmTC_62ed9 && [1/2] Building C object CMakeFiles/cmTC_62ed9.dir/src.c.o
[2/2] Linking C executable cmTC_62ed9


Source file was:

#include <sys/types.h>
#include <sys/stat.h>

int main()
{
  (void)sizeof(((struct stat *)0)->st_mtim.tv_nsec);
  return 0;
}

Determining if the __GLIBC__ exist passed with the following output:
Change Dir: /home/letizia/llvm-project/CMakeFiles/CMakeTmp

Run Build Command(s):/usr/local/bin/ninja cmTC_e7508 && [1/2] Building C object CMakeFiles/cmTC_e7508.dir/CheckSymbolExists.c.o
[2/2] Linking C executable cmTC_e7508


File /home/letizia/llvm-project/CMakeFiles/CMakeTmp/CheckSymbolExists.c:
/* */
#include <stdio.h>

int main(int argc, char** argv)
{
  (void)argv;
#ifndef __GLIBC__
  return ((int*)(&__GLIBC__))[argc];
#else
  (void)argc;
  return 0;
#endif
}
Determining if the pthread_getname_np exist passed with the following output:
Change Dir: /home/letizia/llvm-project/CMakeFiles/CMakeTmp

Run Build Command(s):/usr/local/bin/ninja cmTC_9b848 && [1/2] Building C object CMakeFiles/cmTC_9b848.dir/CheckSymbolExists.c.o
[2/2] Linking C executable cmTC_9b848


File /home/letizia/llvm-project/CMakeFiles/CMakeTmp/CheckSymbolExists.c:
/* */
#include <pthread.h>

int main(int argc, char** argv)
{
  (void)argv;
#ifndef pthread_getname_np
  return ((int*)(&pthread_getname_np))[argc];
#else
  (void)argc;
  return 0;
#endif
}
Determining if the pthread_setname_np exist passed with the following output:
Change Dir: /home/letizia/llvm-project/CMakeFiles/CMakeTmp

Run Build Command(s):/usr/local/bin/ninja cmTC_133ef && [1/2] Building C object CMakeFiles/cmTC_133ef.dir/CheckSymbolExists.c.o
[2/2] Linking C executable cmTC_133ef


File /home/letizia/llvm-project/CMakeFiles/CMakeTmp/CheckSymbolExists.c:
/* */
#include <pthread.h>

int main(int argc, char** argv)
{
  (void)argv;
#ifndef pthread_setname_np
  return ((int*)(&pthread_setname_np))[argc];
#else
  (void)argc;
  return 0;
#endif
}
Performing C++ SOURCE FILE Test HAVE_CXX_ATOMICS_WITHOUT_LIB succeeded with the following output:
Change Dir: /home/letizia/llvm-project/CMakeFiles/CMakeTmp

Run Build Command(s):/usr/local/bin/ninja cmTC_6a436 && [1/2] Building CXX object CMakeFiles/cmTC_6a436.dir/src.cxx.o
[2/2] Linking CXX executable cmTC_6a436


Source file was:

#include <atomic>
std::atomic<int> x;
std::atomic<short> y;
std::atomic<char> z;
int main() {
  ++z;
  ++y;
  return ++x;
}

Performing C++ SOURCE FILE Test HAVE_CXX_ATOMICS64_WITHOUT_LIB succeeded with the following output:
Change Dir: /home/letizia/llvm-project/CMakeFiles/CMakeTmp

Run Build Command(s):/usr/local/bin/ninja cmTC_e877a && [1/2] Building CXX object CMakeFiles/cmTC_e877a.dir/src.cxx.o
[2/2] Linking CXX executable cmTC_e877a


Source file was:

#include <atomic>
#include <cstdint>
std::atomic<uint64_t> x (0);
int main() {
  uint64_t i = x.load(std::memory_order_relaxed);
  (void)i;
  return 0;
}

Performing C++ SOURCE FILE Test LLVM_HAS_ATOMICS succeeded with the following output:
Change Dir: /home/letizia/llvm-project/CMakeFiles/CMakeTmp

Run Build Command(s):/usr/local/bin/ninja cmTC_66abb && [1/2] Building CXX object CMakeFiles/cmTC_66abb.dir/src.cxx.o
[2/2] Linking CXX executable cmTC_66abb


Source file was:

#ifdef _MSC_VER
#include <windows.h>
#endif
int main() {
#ifdef _MSC_VER
        volatile LONG val = 1;
        MemoryBarrier();
        InterlockedCompareExchange(&val, 0, 1);
        InterlockedIncrement(&val);
        InterlockedDecrement(&val);
#else
        volatile unsigned long val = 1;
        __sync_synchronize();
        __sync_val_compare_and_swap(&val, 1, 0);
        __sync_add_and_fetch(&val, 1);
        __sync_sub_and_fetch(&val, 1);
#endif
        return 0;
      }

Performing C++ SOURCE FILE Test SUPPORTS_VARIADIC_MACROS_FLAG succeeded with the following output:
Change Dir: /home/letizia/llvm-project/CMakeFiles/CMakeTmp

Run Build Command(s):/usr/local/bin/ninja cmTC_8aea3 && [1/2] Building CXX object CMakeFiles/cmTC_8aea3.dir/src.cxx.o
[2/2] Linking CXX executable cmTC_8aea3


Source file was:
int main() { return 0; }
Performing C++ SOURCE FILE Test HAS_MAYBE_UNINITIALIZED succeeded with the following output:
Change Dir: /home/letizia/llvm-project/CMakeFiles/CMakeTmp

Run Build Command(s):/usr/local/bin/ninja cmTC_852ae && [1/2] Building CXX object CMakeFiles/cmTC_852ae.dir/src.cxx.o
[2/2] Linking CXX executable cmTC_852ae


Source file was:
int main() { return 0; }
Performing C SOURCE FILE Test C_SUPPORTS_FPIC succeeded with the following output:
Change Dir: /home/letizia/llvm-project/CMakeFiles/CMakeTmp

Run Build Command(s):/usr/local/bin/ninja cmTC_5a471 && [1/2] Building C object CMakeFiles/cmTC_5a471.dir/src.c.o
[2/2] Linking C executable cmTC_5a471


Source file was:
int main(void) { return 0; }
Performing C++ SOURCE FILE Test CXX_SUPPORTS_FPIC succeeded with the following output:
Change Dir: /home/letizia/llvm-project/CMakeFiles/CMakeTmp

Run Build Command(s):/usr/local/bin/ninja cmTC_2cb1b && [1/2] Building CXX object CMakeFiles/cmTC_2cb1b.dir/src.cxx.o
[2/2] Linking CXX executable cmTC_2cb1b


Source file was:
int main() { return 0; }
Performing C SOURCE FILE Test C_SUPPORTS_FNO_SEMANTIC_INTERPOSITION succeeded with the following output:
Change Dir: /home/letizia/llvm-project/CMakeFiles/CMakeTmp

Run Build Command(s):/usr/local/bin/ninja cmTC_d7a0e && [1/2] Building C object CMakeFiles/cmTC_d7a0e.dir/src.c.o
[2/2] Linking C executable cmTC_d7a0e


Source file was:
int main(void) { return 0; }
Performing C++ SOURCE FILE Test CXX_SUPPORTS_FNO_SEMANTIC_INTERPOSITION succeeded with the following output:
Change Dir: /home/letizia/llvm-project/CMakeFiles/CMakeTmp

Run Build Command(s):/usr/local/bin/ninja cmTC_63b18 && [1/2] Building CXX object CMakeFiles/cmTC_63b18.dir/src.cxx.o
[2/2] Linking CXX executable cmTC_63b18


Source file was:
int main() { return 0; }
Performing C++ SOURCE FILE Test SUPPORTS_FVISIBILITY_INLINES_HIDDEN_FLAG succeeded with the following output:
Change Dir: /home/letizia/llvm-project/CMakeFiles/CMakeTmp

Run Build Command(s):/usr/local/bin/ninja cmTC_b84e0 && [1/2] Building CXX object CMakeFiles/cmTC_b84e0.dir/src.cxx.o
[2/2] Linking CXX executable cmTC_b84e0


Source file was:
int main() { return 0; }
Performing C SOURCE FILE Test C_SUPPORTS_WERROR_DATE_TIME succeeded with the following output:
Change Dir: /home/letizia/llvm-project/CMakeFiles/CMakeTmp

Run Build Command(s):/usr/local/bin/ninja cmTC_20ba7 && [1/2] Building C object CMakeFiles/cmTC_20ba7.dir/src.c.o
[2/2] Linking C executable cmTC_20ba7


Source file was:
int main(void) { return 0; }
Performing C++ SOURCE FILE Test CXX_SUPPORTS_WERROR_DATE_TIME succeeded with the following output:
Change Dir: /home/letizia/llvm-project/CMakeFiles/CMakeTmp

Run Build Command(s):/usr/local/bin/ninja cmTC_613de && [1/2] Building CXX object CMakeFiles/cmTC_613de.dir/src.cxx.o
[2/2] Linking CXX executable cmTC_613de


Source file was:
int main() { return 0; }
Performing C++ SOURCE FILE Test CXX_SUPPORTS_MISSING_FIELD_INITIALIZERS_FLAG succeeded with the following output:
Change Dir: /home/letizia/llvm-project/CMakeFiles/CMakeTmp

Run Build Command(s):/usr/local/bin/ninja cmTC_dce01 && [1/2] Building CXX object CMakeFiles/cmTC_dce01.dir/src.cxx.o
[2/2] Linking CXX executable cmTC_dce01


Source file was:
int main() { return 0; }
Performing C SOURCE FILE Test C_SUPPORTS_IMPLICIT_FALLTHROUGH_FLAG succeeded with the following output:
Change Dir: /home/letizia/llvm-project/CMakeFiles/CMakeTmp

Run Build Command(s):/usr/local/bin/ninja cmTC_6e758 && [1/2] Building C object CMakeFiles/cmTC_6e758.dir/src.c.o
[2/2] Linking C executable cmTC_6e758


Source file was:
int main(void) { return 0; }
Performing C++ SOURCE FILE Test CXX_SUPPORTS_IMPLICIT_FALLTHROUGH_FLAG succeeded with the following output:
Change Dir: /home/letizia/llvm-project/CMakeFiles/CMakeTmp

Run Build Command(s):/usr/local/bin/ninja cmTC_f3c31 && [1/2] Building CXX object CMakeFiles/cmTC_f3c31.dir/src.cxx.o
[2/2] Linking CXX executable cmTC_f3c31


Source file was:
int main() { return 0; }
Performing C++ SOURCE FILE Test CXX_SUPPORTS_CLASS_MEMACCESS_FLAG succeeded with the following output:
Change Dir: /home/letizia/llvm-project/CMakeFiles/CMakeTmp

Run Build Command(s):/usr/local/bin/ninja cmTC_0324f && [1/2] Building CXX object CMakeFiles/cmTC_0324f.dir/src.cxx.o
[2/2] Linking CXX executable cmTC_0324f


Source file was:
int main() { return 0; }
Performing C++ SOURCE FILE Test CXX_SUPPORTS_REDUNDANT_MOVE_FLAG succeeded with the following output:
Change Dir: /home/letizia/llvm-project/CMakeFiles/CMakeTmp

Run Build Command(s):/usr/local/bin/ninja cmTC_95f96 && [1/2] Building CXX object CMakeFiles/cmTC_95f96.dir/src.cxx.o
[2/2] Linking CXX executable cmTC_95f96


Source file was:
int main() { return 0; }
Performing C++ SOURCE FILE Test CXX_SUPPORTS_PESSIMIZING_MOVE_FLAG succeeded with the following output:
Change Dir: /home/letizia/llvm-project/CMakeFiles/CMakeTmp

Run Build Command(s):/usr/local/bin/ninja cmTC_65714 && [1/2] Building CXX object CMakeFiles/cmTC_65714.dir/src.cxx.o
[2/2] Linking CXX executable cmTC_65714


Source file was:
int main() { return 0; }
Performing C++ SOURCE FILE Test CXX_SUPPORTS_NOEXCEPT_TYPE_FLAG succeeded with the following output:
Change Dir: /home/letizia/llvm-project/CMakeFiles/CMakeTmp

Run Build Command(s):/usr/local/bin/ninja cmTC_962e8 && [1/2] Building CXX object CMakeFiles/cmTC_962e8.dir/src.cxx.o
[2/2] Linking CXX executable cmTC_962e8


Source file was:
int main() { return 0; }
Performing C++ SOURCE FILE Test CXX_SUPPORTS_SUGGEST_OVERRIDE_FLAG succeeded with the following output:
Change Dir: /home/letizia/llvm-project/CMakeFiles/CMakeTmp

Run Build Command(s):/usr/local/bin/ninja cmTC_2477d && [1/2] Building CXX object CMakeFiles/cmTC_2477d.dir/src.cxx.o
[2/2] Linking CXX executable cmTC_2477d


Source file was:
int main() { return 0; }
Performing C++ SOURCE FILE Test CXX_WSUGGEST_OVERRIDE_ALLOWS_ONLY_FINAL succeeded with the following output:
Change Dir: /home/letizia/llvm-project/CMakeFiles/CMakeTmp

Run Build Command(s):/usr/local/bin/ninja cmTC_a70db && [1/2] Building CXX object CMakeFiles/cmTC_a70db.dir/src.cxx.o
[2/2] Linking CXX executable cmTC_a70db


Source file was:
class base {public: virtual void anchor();};
                               class derived : base {public: void anchor() final;};
                               int main() { return 0; }
Performing C++ SOURCE FILE Test CXX_SUPPORTS_MISLEADING_INDENTATION_FLAG succeeded with the following output:
Change Dir: /home/letizia/llvm-project/CMakeFiles/CMakeTmp

Run Build Command(s):/usr/local/bin/ninja cmTC_3a8f9 && [1/2] Building CXX object CMakeFiles/cmTC_3a8f9.dir/src.cxx.o
[2/2] Linking CXX executable cmTC_3a8f9


Source file was:
int main() { return 0; }
Determining if the __x86_64__ exist passed with the following output:
Change Dir: /home/letizia/llvm-project/CMakeFiles/CMakeTmp

Run Build Command(s):/usr/local/bin/ninja cmTC_a302c && [1/2] Building C object CMakeFiles/cmTC_a302c.dir/CheckSymbolExists.c.o
[2/2] Linking C executable cmTC_a302c


File /home/letizia/llvm-project/CMakeFiles/CMakeTmp/CheckSymbolExists.c:
/* */

int main(int argc, char** argv)
{
  (void)argv;
#ifndef __x86_64__
  return ((int*)(&__x86_64__))[argc];
#else
  (void)argc;
  return 0;
#endif
}
Determining if the function shm_open exists in the rt passed with the following output:
Change Dir: /home/letizia/llvm-project/CMakeFiles/CMakeTmp

Run Build Command(s):/usr/local/bin/ninja cmTC_a93a7 && [1/2] Building C object CMakeFiles/cmTC_a93a7.dir/CheckFunctionExists.c.o
[2/2] Linking C executable cmTC_a93a7



Performing C++ SOURCE FILE Test HAVE_CXX_FLAG_STD_CXX11 succeeded with the following output:
Change Dir: /home/letizia/llvm-project/CMakeFiles/CMakeTmp

Run Build Command(s):/usr/local/bin/ninja cmTC_e5c90 && [1/2] Building CXX object CMakeFiles/cmTC_e5c90.dir/src.cxx.o
[2/2] Linking CXX executable cmTC_e5c90


Source file was:
int main() { return 0; }
Performing C++ SOURCE FILE Test HAVE_CXX_FLAG_WALL succeeded with the following output:
Change Dir: /home/letizia/llvm-project/CMakeFiles/CMakeTmp

Run Build Command(s):/usr/local/bin/ninja cmTC_e12b7 && [1/2] Building CXX object CMakeFiles/cmTC_e12b7.dir/src.cxx.o
[2/2] Linking CXX executable cmTC_e12b7


Source file was:
int main() { return 0; }
Performing C++ SOURCE FILE Test HAVE_CXX_FLAG_WEXTRA succeeded with the following output:
Change Dir: /home/letizia/llvm-project/CMakeFiles/CMakeTmp

Run Build Command(s):/usr/local/bin/ninja cmTC_bdf05 && [1/2] Building CXX object CMakeFiles/cmTC_bdf05.dir/src.cxx.o
[2/2] Linking CXX executable cmTC_bdf05


Source file was:
int main() { return 0; }
Performing C++ SOURCE FILE Test HAVE_CXX_FLAG_WSHADOW succeeded with the following output:
Change Dir: /home/letizia/llvm-project/CMakeFiles/CMakeTmp

Run Build Command(s):/usr/local/bin/ninja cmTC_d26c0 && [1/2] Building CXX object CMakeFiles/cmTC_d26c0.dir/src.cxx.o
[2/2] Linking CXX executable cmTC_d26c0


Source file was:
int main() { return 0; }
Performing C++ SOURCE FILE Test HAVE_CXX_FLAG_WSUGGEST_OVERRIDE succeeded with the following output:
Change Dir: /home/letizia/llvm-project/CMakeFiles/CMakeTmp

Run Build Command(s):/usr/local/bin/ninja cmTC_01905 && [1/2] Building CXX object CMakeFiles/cmTC_01905.dir/src.cxx.o
[2/2] Linking CXX executable cmTC_01905


Source file was:
int main() { return 0; }
Performing C++ SOURCE FILE Test HAVE_CXX_FLAG_PEDANTIC succeeded with the following output:
Change Dir: /home/letizia/llvm-project/CMakeFiles/CMakeTmp

Run Build Command(s):/usr/local/bin/ninja cmTC_a0530 && [1/2] Building CXX object CMakeFiles/cmTC_a0530.dir/src.cxx.o
[2/2] Linking CXX executable cmTC_a0530


Source file was:
int main() { return 0; }
Performing C++ SOURCE FILE Test HAVE_CXX_FLAG_PEDANTIC_ERRORS succeeded with the following output:
Change Dir: /home/letizia/llvm-project/CMakeFiles/CMakeTmp

Run Build Command(s):/usr/local/bin/ninja cmTC_8fa49 && [1/2] Building CXX object CMakeFiles/cmTC_8fa49.dir/src.cxx.o
[2/2] Linking CXX executable cmTC_8fa49


Source file was:
int main() { return 0; }
Performing C++ SOURCE FILE Test HAVE_CXX_FLAG_FSTRICT_ALIASING succeeded with the following output:
Change Dir: /home/letizia/llvm-project/CMakeFiles/CMakeTmp

Run Build Command(s):/usr/local/bin/ninja cmTC_5e0e4 && [1/2] Building CXX object CMakeFiles/cmTC_5e0e4.dir/src.cxx.o
[2/2] Linking CXX executable cmTC_5e0e4


Source file was:
int main() { return 0; }
Performing C++ SOURCE FILE Test HAVE_CXX_FLAG_WNO_DEPRECATED_DECLARATIONS succeeded with the following output:
Change Dir: /home/letizia/llvm-project/CMakeFiles/CMakeTmp

Run Build Command(s):/usr/local/bin/ninja cmTC_efc9f && [1/2] Building CXX object CMakeFiles/cmTC_efc9f.dir/src.cxx.o
[2/2] Linking CXX executable cmTC_efc9f


Source file was:
int main() { return 0; }
Performing C++ SOURCE FILE Test HAVE_CXX_FLAG_FNO_EXCEPTIONS succeeded with the following output:
Change Dir: /home/letizia/llvm-project/CMakeFiles/CMakeTmp

Run Build Command(s):/usr/local/bin/ninja cmTC_81411 && [1/2] Building CXX object CMakeFiles/cmTC_81411.dir/src.cxx.o
[2/2] Linking CXX executable cmTC_81411


Source file was:
int main() { return 0; }
Performing C++ SOURCE FILE Test HAVE_CXX_FLAG_WSTRICT_ALIASING succeeded with the following output:
Change Dir: /home/letizia/llvm-project/CMakeFiles/CMakeTmp

Run Build Command(s):/usr/local/bin/ninja cmTC_c8c9f && [1/2] Building CXX object CMakeFiles/cmTC_c8c9f.dir/src.cxx.o
[2/2] Linking CXX executable cmTC_c8c9f


Source file was:
int main() { return 0; }
Performing C++ SOURCE FILE Test HAVE_CXX_FLAG_COVERAGE succeeded with the following output:
Change Dir: /home/letizia/llvm-project/CMakeFiles/CMakeTmp

Run Build Command(s):/usr/local/bin/ninja cmTC_e1cf2 && [1/2] Building CXX object CMakeFiles/cmTC_e1cf2.dir/src.cxx.o
[2/2] Linking CXX executable cmTC_e1cf2


Source file was:
int main() { return 0; }
